Log file open, 02/10/22 17:38:30
LogWindows: Failed to load 'aqProf.dll' (GetLastError=126)
LogWindows: File 'aqProf.dll' does not exist
LogWindows: Failed to load 'VtuneApi.dll' (GetLastError=126)
LogWindows: File 'VtuneApi.dll' does not exist
LogWindows: Failed to load 'VtuneApi32e.dll' (GetLastError=126)
LogWindows: File 'VtuneApi32e.dll' does not exist
LogConsoleResponse: Display: Failed to find resolution value strings in scalability ini. Falling back to default.
LogInit: Display: Running engine for game: Trashman
LogPlatformFile: Not using cached read wrapper
LogTaskGraph: Started task graph with 5 named threads and 23 total threads with 3 sets of task threads.
LogStats: Stats thread started at 0.261158
LogD3D11RHI: Loaded GFSDK_Aftermath_Lib.x64.dll
LogICUInternationalization: ICU TimeZone Detection - Raw Offset: +7:00, Platform Override: ''
LogPluginManager: Mounting plugin Paper2D
LogPluginManager: Mounting plugin AISupport
LogPluginManager: Mounting plugin LightPropagationVolume
LogPluginManager: Mounting plugin ActorLayerUtilities
LogPluginManager: Mounting plugin AnimationSharing
LogPluginManager: Mounting plugin CLionSourceCodeAccess
LogPluginManager: Mounting plugin CodeLiteSourceCodeAccess
LogPluginManager: Mounting plugin GitSourceControl
LogPluginManager: Mounting plugin KDevelopSourceCodeAccess
LogPluginManager: Mounting plugin NullSourceCodeAccess
LogPluginManager: Mounting plugin PerforceSourceControl
LogPluginManager: Mounting plugin PlasticSourceControl
LogPluginManager: Mounting plugin SubversionSourceControl
LogPluginManager: Mounting plugin UObjectPlugin
LogPluginManager: Mounting plugin VisualStudioCodeSourceCodeAccess
LogPluginManager: Mounting plugin VisualStudioSourceCodeAccess
LogPluginManager: Mounting plugin XCodeSourceCodeAccess
LogPluginManager: Mounting plugin AssetManagerEditor
LogPluginManager: Mounting plugin CryptoKeys
LogPluginManager: Mounting plugin CurveEditorTools
LogPluginManager: Mounting plugin DataValidation
LogPluginManager: Mounting plugin FacialAnimation
LogPluginManager: Mounting plugin GameplayTagsEditor
LogPluginManager: Mounting plugin MacGraphicsSwitching
LogPluginManager: Mounting plugin MaterialAnalyzer
LogPluginManager: Mounting plugin MobileLauncherProfileWizard
LogPluginManager: Mounting plugin PluginBrowser
LogPluginManager: Mounting plugin SpeedTreeImporter
LogPluginManager: Mounting plugin DatasmithContent
LogPluginManager: Mounting plugin VariantManagerContent
LogPluginManager: Mounting plugin AlembicImporter
LogPluginManager: Mounting plugin AutomationUtils
LogPluginManager: Mounting plugin BackChannel
LogPluginManager: Mounting plugin CharacterAI
LogPluginManager: Mounting plugin GeometryCache
LogPluginManager: Mounting plugin PlatformCrypto
LogPluginManager: Mounting plugin ProxyLODPlugin
LogPluginManager: Mounting plugin SkeletalReduction
LogPluginManager: Mounting plugin MagicLeap
LogPluginManager: Mounting plugin MagicLeapLightEstimation
LogPluginManager: Mounting plugin MagicLeapMedia
LogPluginManager: Mounting plugin MagicLeapPassableWorld
LogPluginManager: Mounting plugin MLSDK
LogPluginManager: Mounting plugin AndroidMedia
LogPluginManager: Mounting plugin AvfMedia
LogPluginManager: Mounting plugin ImgMedia
LogPluginManager: Mounting plugin MediaCompositing
LogPluginManager: Mounting plugin MediaPlayerEditor
LogPluginManager: Mounting plugin WebMMedia
LogPluginManager: Mounting plugin WmfMedia
LogPluginManager: Mounting plugin TcpMessaging
LogPluginManager: Mounting plugin UdpMessaging
LogPluginManager: Mounting plugin ActorSequence
LogPluginManager: Mounting plugin LevelSequenceEditor
LogPluginManager: Mounting plugin MatineeToLevelSequence
LogPluginManager: Mounting plugin NetcodeUnitTest
LogPluginManager: Mounting plugin NUTUnrealEngine4
LogPluginManager: Mounting plugin OnlineSubsystemGooglePlay
LogPluginManager: Mounting plugin OnlineSubsystemIOS
LogPluginManager: Mounting plugin OnlineSubsystem
LogPluginManager: Mounting plugin OnlineSubsystemNull
LogPluginManager: Mounting plugin OnlineSubsystemUtils
LogPluginManager: Mounting plugin LauncherChunkInstaller
LogPluginManager: Mounting plugin AndroidDeviceProfileSelector
LogPluginManager: Mounting plugin AndroidMoviePlayer
LogPluginManager: Mounting plugin AndroidPermission
LogPluginManager: Mounting plugin AppleImageUtils
LogPluginManager: Mounting plugin AppleMoviePlayer
LogPluginManager: Mounting plugin ArchVisCharacter
LogPluginManager: Mounting plugin AssetTags
LogPluginManager: Mounting plugin AudioCapture
LogPluginManager: Mounting plugin CableComponent
LogPluginManager: Mounting plugin CustomMeshComponent
LogPluginManager: Mounting plugin EditableMesh
LogPluginManager: Mounting plugin ExampleDeviceProfileSelector
LogPluginManager: Mounting plugin GoogleCloudMessaging
LogPluginManager: Mounting plugin IOSDeviceProfileSelector
LogPluginManager: Mounting plugin LinuxDeviceProfileSelector
LogPluginManager: Mounting plugin LocationServicesBPLibrary
LogPluginManager: Mounting plugin MobilePatchingUtils
LogPluginManager: Mounting plugin OculusVR
LogPluginManager: Mounting plugin PhysXVehicles
LogPluginManager: Mounting plugin PostSplashScreen
LogPluginManager: Mounting plugin ProceduralMeshComponent
LogPluginManager: Mounting plugin RuntimePhysXCooking
LogPluginManager: Mounting plugin SignificanceManager
LogPluginManager: Mounting plugin SteamVR
LogPluginManager: Mounting plugin WebMMoviePlayer
LogPluginManager: Mounting plugin WindowsMoviePlayer
LogPluginManager: Mounting plugin ScreenshotTools
LogLuminAPI: Display: Dll loaded: C:/Users/acer/MagicLeap/tools/zi/v2.3.2.20210609//lib/ml_remote.dll
LogMagicLeap: ML VDZI mode enabled. Using Vulkan renderer.
LogInit: Using libcurl 7.55.1-DEV
LogInit:  - built for x86_64-pc-win32
LogInit:  - supports SSL with OpenSSL/1.1.1
LogInit:  - supports HTTP deflate (compression) using libz 1.2.8
LogInit:  - other features:
LogInit:      CURL_VERSION_SSL
LogInit:      CURL_VERSION_LIBZ
LogInit:      CURL_VERSION_IPV6
LogInit:      CURL_VERSION_ASYNCHDNS
LogInit:      CURL_VERSION_LARGEFILE
LogInit:      CURL_VERSION_IDN
LogInit:  CurlRequestOptions (configurable via config and command line):
LogInit:  - bVerifyPeer = true  - Libcurl will verify peer certificate
LogInit:  - bUseHttpProxy = false  - Libcurl will NOT use HTTP proxy
LogInit:  - bDontReuseConnections = false  - Libcurl will reuse connections
LogInit:  - MaxHostConnections = 16  - Libcurl will limit the number of connections to a host
LogInit:  - LocalHostAddr = Default
LogInit:  - BufferSize = 65536
LogOnline: OSS: Creating online subsystem instance for: NULL
LogInit: WinSock: version 1.1 (2.2), MaxSocks=32767, MaxUdp=65467
LogOnline: OSS: TryLoadSubsystemAndSetDefault: Loaded subsystem for module [NULL]
LogInit: Build: release-sdk-0.24.0-36bc4a8-CL-0
LogInit: Engine Version: 4.24.2-0+release-sdk-0.24.0-36bc4a8
LogInit: Compatible Engine Version: 4.24.0-0+release-sdk-0.24.0-36bc4a8
LogInit: Net CL: 0
LogInit: OS: Windows 10 (Release 2009) (), CPU: Intel(R) Core(TM) i5-8300H CPU @ 2.30GHz, GPU: Intel(R) UHD Graphics 630
LogInit: Compiled (64-bit): Feb 27 2020 03:02:54
LogInit: Compiled with Visual C++: 19.16.27034.00
LogInit: Build Configuration: Development
LogInit: Branch Name: release-sdk-0.24.0-36bc4a8
LogInit: Command Line:  /Game/Map/Level3 -game -PIEVIACONSOLE -ResX=1280 -ResY=720 -Multiprocess -messaging -SessionName="Play in Standalone Game" -nohmd -windowed -vulkan  -audiomixer MagicLeapAudio 
LogInit: Base Directory: E:/Game/Epic Game/MagicLeapUE4Editor/Engine/Binaries/Win64/
LogInit: Installed Engine Build: 1
LogDevObjectVersion: Number of dev versions registered: 25
LogDevObjectVersion:   Dev-Blueprints (B0D832E4-1F89-4F0D-ACCF-7EB736FD4AA2): 10
LogDevObjectVersion:   Dev-Build (E1C64328-A22C-4D53-A36C-8E866417BD8C): 0
LogDevObjectVersion:   Dev-Core (375EC13C-06E4-48FB-B500-84F0262A717E): 3
LogDevObjectVersion:   Dev-Editor (E4B068ED-F494-42E9-A231-DA0B2E46BB41): 37
LogDevObjectVersion:   Dev-Framework (CFFC743F-43B0-4480-9391-14DF171D2073): 36
LogDevObjectVersion:   Dev-Mobile (B02B49B5-BB20-44E9-A304-32B752E40360): 2
LogDevObjectVersion:   Dev-Networking (A4E4105C-59A1-49B5-A7C5-40C4547EDFEE): 0
LogDevObjectVersion:   Dev-Online (39C831C9-5AE6-47DC-9A44-9C173E1C8E7C): 0
LogDevObjectVersion:   Dev-Physics (78F01B33-EBEA-4F98-B9B4-84EACCB95AA2): 2
LogDevObjectVersion:   Dev-Platform (6631380F-2D4D-43E0-8009-CF276956A95A): 0
LogDevObjectVersion:   Dev-Rendering (12F88B9F-8875-4AFC-A67C-D90C383ABD29): 36
LogDevObjectVersion:   Dev-Sequencer (7B5AE74C-D270-4C10-A958-57980B212A5A): 11
LogDevObjectVersion:   Dev-VR (D7296918-1DD6-4BDD-9DE2-64A83CC13884): 2
LogDevObjectVersion:   Dev-LoadTimes (C2A15278-BFE7-4AFE-6C17-90FF531DF755): 1
LogDevObjectVersion:   Private-Geometry (6EACA3D4-40EC-4CC1-B786-8BED09428FC5): 3
LogDevObjectVersion:   Dev-AnimPhys (29E575DD-E0A3-4627-9D10-D276232CDCEA): 17
LogDevObjectVersion:   Dev-Anim (AF43A65D-7FD3-4947-9873-3E8ED9C1BB05): 2
LogDevObjectVersion:   Dev-ReflectionCapture (6B266CEC-1EC7-4B8F-A30B-E4D90942FC07): 1
LogDevObjectVersion:   Dev-Automation (0DF73D61-A23F-47EA-B727-89E90C41499A): 1
LogDevObjectVersion:   FortniteMain (601D1886-AC64-4F84-AA16-D3DE0DEAC7D6): 31
LogDevObjectVersion:   Dev-Enterprise (9DFFBCD6-494F-0158-E221-12823C92A888): 8
LogDevObjectVersion:   Dev-Niagara (F2AED0AC-9AFE-416F-8664-AA7FFA26D6FC): 1
LogDevObjectVersion:   Dev-Destruction (174F1F0B-B4C6-45A5-B13F-2EE8D0FB917D): 9
LogDevObjectVersion:   Dev-Physics-Ext (35F94A83-E258-406C-A318-09F59610247C): 8
LogDevObjectVersion:   Dev-CineCamera (B2E18506-4273-CFC2-A54E-F4BB758BBA07): 1
LogInit: Presizing for max 25165824 objects, including 0 objects not considered by GC, pre-allocating 0 bytes for permanent pool.
LogInit: Object subsystem initialized
LogConfig: Setting CVar [[con.DebugEarlyDefault:1]]
LogConfig: Setting CVar [[r.setres:1280x720]]
[2022.02.10-10.38.31:103][  0]LogConfig: Setting CVar [[con.DebugEarlyDefault:1]]
[2022.02.10-10.38.31:103][  0]LogConfig: Setting CVar [[r.setres:1280x720]]
[2022.02.10-10.38.31:103][  0]LogConfig: Applying CVar settings from Section [/Script/Engine.RendererSettings] File [D:/IT/Year 4-1/Project1/Game Mr/Trashman/Trashman/Saved/Config/Windows/Engine.ini]
[2022.02.10-10.38.31:103][  0]LogConfig: Setting CVar [[r.GPUCrashDebugging:0]]
[2022.02.10-10.38.31:104][  0]LogConfig: Setting CVar [[r.MobileHDR:1]]
[2022.02.10-10.38.31:104][  0]LogConfig: Setting CVar [[r.Mobile.DisableVertexFog:1]]
[2022.02.10-10.38.31:104][  0]LogConfig: Setting CVar [[r.Shadow.CSM.MaxMobileCascades:2]]
[2022.02.10-10.38.31:104][  0]LogConfig: Setting CVar [[r.MobileMSAA:1]]
[2022.02.10-10.38.31:104][  0]LogConfig: Setting CVar [[r.Mobile.UseLegacyShadingModel:0]]
[2022.02.10-10.38.31:104][  0]LogConfig: Setting CVar [[r.Mobile.UseHWsRGBEncoding:0]]
[2022.02.10-10.38.31:104][  0]LogConfig: Setting CVar [[r.Mobile.AllowDitheredLODTransition:0]]
[2022.02.10-10.38.31:104][  0]LogConfig: Setting CVar [[r.Mobile.AllowSoftwareOcclusion:0]]
[2022.02.10-10.38.31:104][  0]LogConfig: Setting CVar [[r.DiscardUnusedQuality:0]]
[2022.02.10-10.38.31:104][  0]LogConfig: Setting CVar [[r.AllowOcclusionQueries:1]]
[2022.02.10-10.38.31:104][  0]LogConfig: Setting CVar [[r.MinScreenRadiusForLights:0.030000]]
[2022.02.10-10.38.31:104][  0]LogConfig: Setting CVar [[r.MinScreenRadiusForDepthPrepass:0.030000]]
[2022.02.10-10.38.31:104][  0]LogConfig: Setting CVar [[r.MinScreenRadiusForCSMDepth:0.010000]]
[2022.02.10-10.38.31:104][  0]LogConfig: Setting CVar [[r.PrecomputedVisibilityWarning:0]]
[2022.02.10-10.38.31:104][  0]LogConfig: Setting CVar [[r.TextureStreaming:1]]
[2022.02.10-10.38.31:104][  0]LogConfig: Setting CVar [[Compat.UseDXT5NormalMaps:0]]
[2022.02.10-10.38.31:104][  0]LogConfig: Setting CVar [[r.VirtualTextures:0]]
[2022.02.10-10.38.31:104][  0]LogConfig: Setting CVar [[r.VirtualTexturedLightmaps:0]]
[2022.02.10-10.38.31:104][  0]LogConfig: Setting CVar [[r.VT.TileSize:128]]
[2022.02.10-10.38.31:104][  0]LogConfig: Setting CVar [[r.VT.TileBorderSize:4]]
[2022.02.10-10.38.31:104][  0]LogConfig: Setting CVar [[r.vt.FeedbackFactor:16]]
[2022.02.10-10.38.31:104][  0]LogConfig: Setting CVar [[r.VT.EnableCompressZlib:1]]
[2022.02.10-10.38.31:104][  0]LogConfig: Setting CVar [[r.VT.EnableCompressCrunch:0]]
[2022.02.10-10.38.31:104][  0]LogConfig: Setting CVar [[r.ClearCoatNormal:0]]
[2022.02.10-10.38.31:104][  0]LogConfig: Setting CVar [[r.ReflectionCaptureResolution:128]]
[2022.02.10-10.38.31:104][  0]LogConfig: Setting CVar [[r.ReflectionEnvironmentLightmapMixBasedOnRoughness:1]]
[2022.02.10-10.38.31:104][  0]LogConfig: Setting CVar [[r.ForwardShading:0]]
[2022.02.10-10.38.31:104][  0]LogConfig: Setting CVar [[r.VertexFoggingForOpaque:1]]
[2022.02.10-10.38.31:104][  0]LogConfig: Setting CVar [[r.AllowStaticLighting:1]]
[2022.02.10-10.38.31:104][  0]LogConfig: Setting CVar [[r.NormalMapsForStaticLighting:0]]
[2022.02.10-10.38.31:104][  0]LogConfig: Setting CVar [[r.GenerateMeshDistanceFields:0]]
[2022.02.10-10.38.31:104][  0]LogConfig: Setting CVar [[r.DistanceFieldBuild.EightBit:0]]
[2022.02.10-10.38.31:104][  0]LogConfig: Setting CVar [[r.GenerateLandscapeGIData:0]]
[2022.02.10-10.38.31:104][  0]LogConfig: Setting CVar [[r.DistanceFieldBuild.Compress:0]]
[2022.02.10-10.38.31:104][  0]LogConfig: Setting CVar [[r.TessellationAdaptivePixelsPerTriangle:48.000000]]
[2022.02.10-10.38.31:104][  0]LogConfig: Setting CVar [[r.SeparateTranslucency:1]]
[2022.02.10-10.38.31:104][  0]LogConfig: Setting CVar [[r.TranslucentSortPolicy:0]]
[2022.02.10-10.38.31:104][  0]LogConfig: Setting CVar [[r.CustomDepth:1]]
[2022.02.10-10.38.31:104][  0]LogConfig: Setting CVar [[r.CustomDepthTemporalAAJitter:1]]
[2022.02.10-10.38.31:104][  0]LogConfig: Setting CVar [[r.PostProcessing.PropagateAlpha:0]]
[2022.02.10-10.38.31:104][  0]LogConfig: Setting CVar [[r.PostProcessing.InvertAlpha:1]]
[2022.02.10-10.38.31:104][  0]LogConfig: Setting CVar [[r.DefaultFeature.Bloom:1]]
[2022.02.10-10.38.31:104][  0]LogConfig: Setting CVar [[r.DefaultFeature.AmbientOcclusion:1]]
[2022.02.10-10.38.31:104][  0]LogConfig: Setting CVar [[r.DefaultFeature.AmbientOcclusionStaticFraction:1]]
[2022.02.10-10.38.31:104][  0]LogConfig: Setting CVar [[r.DefaultFeature.AutoExposure:1]]
[2022.02.10-10.38.31:104][  0]LogConfig: Setting CVar [[r.DefaultFeature.AutoExposure.Method:0]]
[2022.02.10-10.38.31:104][  0]LogConfig: Setting CVar [[r.DefaultFeature.AutoExposure.ExtendDefaultLuminanceRange:0]]
[2022.02.10-10.38.31:104][  0]LogConfig: Setting CVar [[r.UsePreExposure:0]]
[2022.02.10-10.38.31:104][  0]LogConfig: Setting CVar [[r.EyeAdaptation.EditorOnly:1]]
[2022.02.10-10.38.31:104][  0]LogConfig: Setting CVar [[r.DefaultFeature.MotionBlur:1]]
[2022.02.10-10.38.31:104][  0]LogConfig: Setting CVar [[r.DefaultFeature.LensFlare:0]]
[2022.02.10-10.38.31:104][  0]LogConfig: Setting CVar [[r.TemporalAA.Upsampling:0]]
[2022.02.10-10.38.31:104][  0]LogConfig: Setting CVar [[r.SSGI.Enable:0]]
[2022.02.10-10.38.31:104][  0]LogConfig: Setting CVar [[r.DefaultFeature.AntiAliasing:2]]
[2022.02.10-10.38.31:104][  0]LogConfig: Setting CVar [[r.DefaultFeature.LightUnits:1]]
[2022.02.10-10.38.31:104][  0]LogConfig: Setting CVar [[r.DefaultBackBufferPixelFormat:4]]
[2022.02.10-10.38.31:104][  0]LogConfig: Setting CVar [[r.Shadow.UnbuiltPreviewInGame:1]]
[2022.02.10-10.38.31:104][  0]LogConfig: Setting CVar [[r.StencilForLODDither:0]]
[2022.02.10-10.38.31:104][  0]LogConfig: Setting CVar [[r.EarlyZPass:3]]
[2022.02.10-10.38.31:104][  0]LogConfig: Setting CVar [[r.EarlyZPassOnlyMaterialMasking:0]]
[2022.02.10-10.38.31:104][  0]LogConfig: Setting CVar [[r.DBuffer:1]]
[2022.02.10-10.38.31:104][  0]LogConfig: Setting CVar [[r.ClearSceneMethod:1]]
[2022.02.10-10.38.31:104][  0]LogConfig: Setting CVar [[r.BasePassOutputsVelocity:0]]
[2022.02.10-10.38.31:104][  0]LogConfig: Setting CVar [[r.SelectiveBasePassOutputs:0]]
[2022.02.10-10.38.31:104][  0]LogConfig: Setting CVar [[fx.GPUSimulationTextureSizeX:1024]]
[2022.02.10-10.38.31:104][  0]LogConfig: Setting CVar [[fx.GPUSimulationTextureSizeY:1024]]
[2022.02.10-10.38.31:104][  0]LogConfig: Setting CVar [[r.AllowGlobalClipPlane:0]]
[2022.02.10-10.38.31:104][  0]LogConfig: Setting CVar [[r.GBufferFormat:1]]
[2022.02.10-10.38.31:104][  0]LogConfig: Setting CVar [[r.MorphTarget.Mode:1]]
[2022.02.10-10.38.31:104][  0]LogConfig: Setting CVar [[vr.InstancedStereo:0]]
[2022.02.10-10.38.31:104][  0]LogConfig: Setting CVar [[vr.MultiView:0]]
[2022.02.10-10.38.31:104][  0]LogConfig: Setting CVar [[vr.MobileMultiView:0]]
[2022.02.10-10.38.31:104][  0]LogConfig: Setting CVar [[vr.MobileMultiView.Direct:0]]
[2022.02.10-10.38.31:104][  0]LogConfig: Setting CVar [[vr.RoundRobinOcclusion:0]]
[2022.02.10-10.38.31:104][  0]LogConfig: Setting CVar [[vr.ODSCapture:0]]
[2022.02.10-10.38.31:104][  0]LogConfig: Setting CVar [[r.WireframeCullThreshold:5.000000]]
[2022.02.10-10.38.31:104][  0]LogConfig: Setting CVar [[r.RayTracing:0]]
[2022.02.10-10.38.31:105][  0]LogConfig: Setting CVar [[r.RayTracing.UseTextureLod:0]]
[2022.02.10-10.38.31:105][  0]LogConfig: Setting CVar [[r.SupportStationarySkylight:1]]
[2022.02.10-10.38.31:105][  0]LogConfig: Setting CVar [[r.SupportLowQualityLightmaps:1]]
[2022.02.10-10.38.31:105][  0]LogConfig: Setting CVar [[r.SupportPointLightWholeSceneShadows:1]]
[2022.02.10-10.38.31:105][  0]LogConfig: Setting CVar [[r.SupportAtmosphericFog:1]]
[2022.02.10-10.38.31:105][  0]LogConfig: Setting CVar [[r.SupportSkyAtmosphere:1]]
[2022.02.10-10.38.31:105][  0]LogConfig: Setting CVar [[r.SupportSkyAtmosphereAffectsHeightFog:0]]
[2022.02.10-10.38.31:105][  0]LogConfig: Setting CVar [[r.SkinCache.CompileShaders:0]]
[2022.02.10-10.38.31:105][  0]LogConfig: Setting CVar [[r.Mobile.EnableStaticAndCSMShadowReceivers:1]]
[2022.02.10-10.38.31:105][  0]LogConfig: Setting CVar [[r.Mobile.EnableMovableLightCSMShaderCulling:1]]
[2022.02.10-10.38.31:105][  0]LogConfig: Setting CVar [[r.Mobile.AllowDistanceFieldShadows:1]]
[2022.02.10-10.38.31:105][  0]LogConfig: Setting CVar [[r.Mobile.AllowMovableDirectionalLights:1]]
[2022.02.10-10.38.31:105][  0]LogConfig: Setting CVar [[r.MobileNumDynamicPointLights:4]]
[2022.02.10-10.38.31:105][  0]LogConfig: Setting CVar [[r.MobileDynamicPointLightsUseStaticBranch:1]]
[2022.02.10-10.38.31:105][  0]LogConfig: Setting CVar [[r.Mobile.EnableMovableSpotlights:0]]
[2022.02.10-10.38.31:105][  0]LogConfig: Setting CVar [[r.SkinCache.SceneMemoryLimitInMB:128.000000]]
[2022.02.10-10.38.31:105][  0]LogConfig: Setting CVar [[r.GPUSkin.Limit2BoneInfluences:0]]
[2022.02.10-10.38.31:105][  0]LogConfig: Setting CVar [[r.SupportDepthOnlyIndexBuffers:1]]
[2022.02.10-10.38.31:105][  0]LogConfig: Setting CVar [[r.SupportReversedIndexBuffers:1]]
[2022.02.10-10.38.31:105][  0]LogConfig: Setting CVar [[r.SupportMaterialLayers:0]]
[2022.02.10-10.38.31:105][  0]LogConfig: Setting CVar [[r.LightPropagationVolume:0]]
[2022.02.10-10.38.31:105][  0]LogConfig: Applying CVar settings from Section [/Script/Engine.RendererOverrideSettings] File [D:/IT/Year 4-1/Project1/Game Mr/Trashman/Trashman/Saved/Config/Windows/Engine.ini]
[2022.02.10-10.38.31:105][  0]LogConfig: Applying CVar settings from Section [/Script/Engine.StreamingSettings] File [D:/IT/Year 4-1/Project1/Game Mr/Trashman/Trashman/Saved/Config/Windows/Engine.ini]
[2022.02.10-10.38.31:105][  0]LogConfig: Setting CVar [[s.MinBulkDataSizeForAsyncLoading:131072]]
[2022.02.10-10.38.31:105][  0]LogConfig: Setting CVar [[s.AsyncLoadingThreadEnabled:0]]
[2022.02.10-10.38.31:105][  0]LogConfig: Setting CVar [[s.EventDrivenLoaderEnabled:1]]
[2022.02.10-10.38.31:105][  0]LogConfig: Setting CVar [[s.WarnIfTimeLimitExceeded:0]]
[2022.02.10-10.38.31:105][  0]LogConfig: Setting CVar [[s.TimeLimitExceededMultiplier:1.5]]
[2022.02.10-10.38.31:105][  0]LogConfig: Setting CVar [[s.TimeLimitExceededMinTime:0.005]]
[2022.02.10-10.38.31:105][  0]LogConfig: Setting CVar [[s.UseBackgroundLevelStreaming:1]]
[2022.02.10-10.38.31:105][  0]LogConfig: Setting CVar [[s.PriorityAsyncLoadingExtraTime:15.0]]
[2022.02.10-10.38.31:105][  0]LogConfig: Setting CVar [[s.LevelStreamingActorsUpdateTimeLimit:5.0]]
[2022.02.10-10.38.31:105][  0]LogConfig: Setting CVar [[s.PriorityLevelStreamingActorsUpdateExtraTime:5.0]]
[2022.02.10-10.38.31:105][  0]LogConfig: Setting CVar [[s.LevelStreamingComponentsRegistrationGranularity:10]]
[2022.02.10-10.38.31:105][  0]LogConfig: Setting CVar [[s.UnregisterComponentsTimeLimit:1.0]]
[2022.02.10-10.38.31:105][  0]LogConfig: Setting CVar [[s.LevelStreamingComponentsUnregistrationGranularity:5]]
[2022.02.10-10.38.31:105][  0]LogConfig: Setting CVar [[s.FlushStreamingOnExit:1]]
[2022.02.10-10.38.31:105][  0]LogConfig: Applying CVar settings from Section [/Script/Engine.GarbageCollectionSettings] File [D:/IT/Year 4-1/Project1/Game Mr/Trashman/Trashman/Saved/Config/Windows/Engine.ini]
[2022.02.10-10.38.31:105][  0]LogConfig: Setting CVar [[gc.MaxObjectsNotConsideredByGC:1]]
[2022.02.10-10.38.31:105][  0]LogConfig: Setting CVar [[gc.SizeOfPermanentObjectPool:0]]
[2022.02.10-10.38.31:105][  0]LogConfig: Setting CVar [[gc.FlushStreamingOnGC:0]]
[2022.02.10-10.38.31:105][  0]LogConfig: Setting CVar [[gc.NumRetriesBeforeForcingGC:10]]
[2022.02.10-10.38.31:105][  0]LogConfig: Setting CVar [[gc.AllowParallelGC:1]]
[2022.02.10-10.38.31:105][  0]LogConfig: Setting CVar [[gc.TimeBetweenPurgingPendingKillObjects:61.1]]
[2022.02.10-10.38.31:105][  0]LogConfig: Setting CVar [[gc.MaxObjectsInEditor:25165824]]
[2022.02.10-10.38.31:105][  0]LogConfig: Setting CVar [[gc.IncrementalBeginDestroyEnabled:1]]
[2022.02.10-10.38.31:105][  0]LogConfig: Setting CVar [[gc.CreateGCClusters:1]]
[2022.02.10-10.38.31:105][  0]LogConfig: Setting CVar [[gc.MinGCClusterSize:5]]
[2022.02.10-10.38.31:105][  0]LogConfig: Setting CVar [[gc.ActorClusteringEnabled:0]]
[2022.02.10-10.38.31:105][  0]LogConfig: Setting CVar [[gc.BlueprintClusteringEnabled:0]]
[2022.02.10-10.38.31:105][  0]LogConfig: Setting CVar [[gc.UseDisregardForGCOnDedicatedServers:0]]
[2022.02.10-10.38.31:105][  0]LogConfig: Applying CVar settings from Section [/Script/Engine.NetworkSettings] File [D:/IT/Year 4-1/Project1/Game Mr/Trashman/Trashman/Saved/Config/Windows/Engine.ini]
[2022.02.10-10.38.31:105][  0]LogConfig: Applying CVar settings from Section [/Script/UnrealEd.CookerSettings] File [D:/IT/Year 4-1/Project1/Game Mr/Trashman/Trashman/Saved/Config/Windows/Engine.ini]
[2022.02.10-10.38.31:108][  0]LogConfig: Applying CVar settings from Section [ViewDistanceQuality@3] File [D:/IT/Year 4-1/Project1/Game Mr/Trashman/Trashman/Saved/Config/Windows/Scalability.ini]
[2022.02.10-10.38.31:108][  0]LogConfig: Setting CVar [[r.SkeletalMeshLODBias:0]]
[2022.02.10-10.38.31:108][  0]LogConfig: Setting CVar [[r.ViewDistanceScale:1.0]]
[2022.02.10-10.38.31:108][  0]LogConfig: Applying CVar settings from Section [AntiAliasingQuality@3] File [D:/IT/Year 4-1/Project1/Game Mr/Trashman/Trashman/Saved/Config/Windows/Scalability.ini]
[2022.02.10-10.38.31:108][  0]LogConfig: Setting CVar [[r.PostProcessAAQuality:4]]
[2022.02.10-10.38.31:108][  0]LogConfig: Applying CVar settings from Section [ShadowQuality@3] File [D:/IT/Year 4-1/Project1/Game Mr/Trashman/Trashman/Saved/Config/Windows/Scalability.ini]
[2022.02.10-10.38.31:108][  0]LogConfig: Setting CVar [[r.LightFunctionQuality:1]]
[2022.02.10-10.38.31:108][  0]LogConfig: Setting CVar [[r.ShadowQuality:5]]
[2022.02.10-10.38.31:108][  0]LogConfig: Setting CVar [[r.Shadow.CSM.MaxCascades:10]]
[2022.02.10-10.38.31:108][  0]LogConfig: Setting CVar [[r.Shadow.MaxResolution:2048]]
[2022.02.10-10.38.31:108][  0]LogConfig: Setting CVar [[r.Shadow.MaxCSMResolution:2048]]
[2022.02.10-10.38.31:108][  0]LogConfig: Setting CVar [[r.Shadow.RadiusThreshold:0.01]]
[2022.02.10-10.38.31:108][  0]LogConfig: Setting CVar [[r.Shadow.DistanceScale:1.0]]
[2022.02.10-10.38.31:108][  0]LogConfig: Setting CVar [[r.Shadow.CSM.TransitionScale:1.0]]
[2022.02.10-10.38.31:108][  0]LogConfig: Setting CVar [[r.Shadow.PreShadowResolutionFactor:1.0]]
[2022.02.10-10.38.31:108][  0]LogConfig: Setting CVar [[r.DistanceFieldShadowing:1]]
[2022.02.10-10.38.31:108][  0]LogConfig: Setting CVar [[r.DistanceFieldAO:1]]
[2022.02.10-10.38.31:108][  0]LogConfig: Setting CVar [[r.AOQuality:2]]
[2022.02.10-10.38.31:108][  0]LogConfig: Setting CVar [[r.VolumetricFog:1]]
[2022.02.10-10.38.31:108][  0]LogConfig: Setting CVar [[r.VolumetricFog.GridPixelSize:8]]
[2022.02.10-10.38.31:108][  0]LogConfig: Setting CVar [[r.VolumetricFog.GridSizeZ:128]]
[2022.02.10-10.38.31:108][  0]LogConfig: Setting CVar [[r.VolumetricFog.HistoryMissSupersampleCount:4]]
[2022.02.10-10.38.31:108][  0]LogConfig: Setting CVar [[r.LightMaxDrawDistanceScale:1]]
[2022.02.10-10.38.31:108][  0]LogConfig: Setting CVar [[r.CapsuleShadows:1]]
[2022.02.10-10.38.31:108][  0]LogConfig: Applying CVar settings from Section [PostProcessQuality@3] File [D:/IT/Year 4-1/Project1/Game Mr/Trashman/Trashman/Saved/Config/Windows/Scalability.ini]
[2022.02.10-10.38.31:108][  0]LogConfig: Setting CVar [[r.MotionBlurQuality:4]]
[2022.02.10-10.38.31:108][  0]LogConfig: Setting CVar [[r.AmbientOcclusionMipLevelFactor:0.4]]
[2022.02.10-10.38.31:108][  0]LogConfig: Setting CVar [[r.AmbientOcclusionMaxQuality:100]]
[2022.02.10-10.38.31:108][  0]LogConfig: Setting CVar [[r.AmbientOcclusionLevels:-1]]
[2022.02.10-10.38.31:108][  0]LogConfig: Setting CVar [[r.AmbientOcclusionRadiusScale:1.0]]
[2022.02.10-10.38.31:108][  0]LogConfig: Setting CVar [[r.DepthOfFieldQuality:2]]
[2022.02.10-10.38.31:108][  0]LogConfig: Setting CVar [[r.RenderTargetPoolMin:400]]
[2022.02.10-10.38.31:108][  0]LogConfig: Setting CVar [[r.LensFlareQuality:2]]
[2022.02.10-10.38.31:108][  0]LogConfig: Setting CVar [[r.SceneColorFringeQuality:1]]
[2022.02.10-10.38.31:108][  0]LogConfig: Setting CVar [[r.EyeAdaptationQuality:2]]
[2022.02.10-10.38.31:108][  0]LogConfig: Setting CVar [[r.BloomQuality:5]]
[2022.02.10-10.38.31:108][  0]LogConfig: Setting CVar [[r.FastBlurThreshold:100]]
[2022.02.10-10.38.31:108][  0]LogConfig: Setting CVar [[r.Upscale.Quality:3]]
[2022.02.10-10.38.31:108][  0]LogConfig: Setting CVar [[r.Tonemapper.GrainQuantization:1]]
[2022.02.10-10.38.31:108][  0]LogConfig: Setting CVar [[r.LightShaftQuality:1]]
[2022.02.10-10.38.31:108][  0]LogConfig: Setting CVar [[r.Filter.SizeScale:1]]
[2022.02.10-10.38.31:108][  0]LogConfig: Setting CVar [[r.Tonemapper.Quality:5]]
[2022.02.10-10.38.31:108][  0]LogConfig: Setting CVar [[r.DOF.Gather.AccumulatorQuality:1        ; higher gathering accumulator quality]]
[2022.02.10-10.38.31:108][  0]LogConfig: Setting CVar [[r.DOF.Gather.PostfilterMethod:1          ; Median3x3 postfilering method]]
[2022.02.10-10.38.31:108][  0]LogConfig: Setting CVar [[r.DOF.Gather.EnableBokehSettings:0       ; no bokeh simulation when gathering]]
[2022.02.10-10.38.31:108][  0]LogConfig: Setting CVar [[r.DOF.Gather.RingCount:4                 ; medium number of samples when gathering]]
[2022.02.10-10.38.31:108][  0]LogConfig: Setting CVar [[r.DOF.Scatter.ForegroundCompositing:1    ; additive foreground scattering]]
[2022.02.10-10.38.31:108][  0]LogConfig: Setting CVar [[r.DOF.Scatter.BackgroundCompositing:2    ; additive background scattering]]
[2022.02.10-10.38.31:108][  0]LogConfig: Setting CVar [[r.DOF.Scatter.EnableBokehSettings:1      ; bokeh simulation when scattering]]
[2022.02.10-10.38.31:108][  0]LogConfig: Setting CVar [[r.DOF.Scatter.MaxSpriteRatio:0.1         ; only a maximum of 10% of scattered bokeh]]
[2022.02.10-10.38.31:108][  0]LogConfig: Setting CVar [[r.DOF.Recombine.Quality:1                ; cheap slight out of focus]]
[2022.02.10-10.38.31:108][  0]LogConfig: Setting CVar [[r.DOF.Recombine.EnableBokehSettings:0    ; no bokeh simulation on slight out of focus]]
[2022.02.10-10.38.31:108][  0]LogConfig: Setting CVar [[r.DOF.TemporalAAQuality:1                ; more stable temporal accumulation]]
[2022.02.10-10.38.31:108][  0]LogConfig: Setting CVar [[r.DOF.Kernel.MaxForegroundRadius:0.025]]
[2022.02.10-10.38.31:108][  0]LogConfig: Setting CVar [[r.DOF.Kernel.MaxBackgroundRadius:0.025]]
[2022.02.10-10.38.31:108][  0]LogConfig: Applying CVar settings from Section [TextureQuality@3] File [D:/IT/Year 4-1/Project1/Game Mr/Trashman/Trashman/Saved/Config/Windows/Scalability.ini]
[2022.02.10-10.38.31:108][  0]LogConfig: Setting CVar [[r.Streaming.MipBias:0]]
[2022.02.10-10.38.31:108][  0]LogConfig: Setting CVar [[r.Streaming.AmortizeCPUToGPUCopy:0]]
[2022.02.10-10.38.31:108][  0]LogConfig: Setting CVar [[r.Streaming.MaxNumTexturesToStreamPerFrame:0]]
[2022.02.10-10.38.31:108][  0]LogConfig: Setting CVar [[r.Streaming.Boost:1]]
[2022.02.10-10.38.31:108][  0]LogConfig: Setting CVar [[r.MaxAnisotropy:8]]
[2022.02.10-10.38.31:108][  0]LogConfig: Setting CVar [[r.VT.MaxAnisotropy:8]]
[2022.02.10-10.38.31:108][  0]LogConfig: Setting CVar [[r.Streaming.LimitPoolSizeToVRAM:0]]
[2022.02.10-10.38.31:108][  0]LogConfig: Setting CVar [[r.Streaming.PoolSize:1000]]
[2022.02.10-10.38.31:108][  0]LogConfig: Setting CVar [[r.Streaming.MaxEffectiveScreenSize:0]]
[2022.02.10-10.38.31:108][  0]LogConfig: Applying CVar settings from Section [EffectsQuality@3] File [D:/IT/Year 4-1/Project1/Game Mr/Trashman/Trashman/Saved/Config/Windows/Scalability.ini]
[2022.02.10-10.38.31:108][  0]LogConfig: Setting CVar [[r.TranslucencyLightingVolumeDim:64]]
[2022.02.10-10.38.31:108][  0]LogConfig: Setting CVar [[r.RefractionQuality:2]]
[2022.02.10-10.38.31:108][  0]LogConfig: Setting CVar [[r.SSR.Quality:3]]
[2022.02.10-10.38.31:108][  0]LogConfig: Setting CVar [[r.SSR.HalfResSceneColor:0]]
[2022.02.10-10.38.31:108][  0]LogConfig: Setting CVar [[r.SceneColorFormat:4]]
[2022.02.10-10.38.31:108][  0]LogConfig: Setting CVar [[r.DetailMode:2]]
[2022.02.10-10.38.31:108][  0]LogConfig: Setting CVar [[r.TranslucencyVolumeBlur:1]]
[2022.02.10-10.38.31:108][  0]LogConfig: Setting CVar [[r.MaterialQualityLevel:1 ; High quality]]
[2022.02.10-10.38.31:108][  0]LogConfig: Setting CVar [[r.SSS.Scale:1]]
[2022.02.10-10.38.31:108][  0]LogConfig: Setting CVar [[r.SSS.SampleSet:2]]
[2022.02.10-10.38.31:108][  0]LogConfig: Setting CVar [[r.SSS.Quality:1]]
[2022.02.10-10.38.31:108][  0]LogConfig: Setting CVar [[r.SSS.HalfRes:1]]
[2022.02.10-10.38.31:108][  0]LogConfig: Setting CVar [[r.SSGI.Quality:3]]
[2022.02.10-10.38.31:108][  0]LogConfig: Setting CVar [[r.EmitterSpawnRateScale:1.0]]
[2022.02.10-10.38.31:108][  0]LogConfig: Setting CVar [[r.ParticleLightQuality:2]]
[2022.02.10-10.38.31:108][  0]LogConfig: Setting CVar [[r.SkyAtmosphere.AerialPerspectiveLUT.FastApplyOnOpaque:1 ; Always have FastSkyLUT 1 in this case to avoid wrong sky]]
[2022.02.10-10.38.31:108][  0]LogConfig: Setting CVar [[r.SkyAtmosphere.AerialPerspectiveLUT.SampleCountPerSlice:1]]
[2022.02.10-10.38.31:108][  0]LogConfig: Setting CVar [[r.SkyAtmosphere.AerialPerspectiveLUT.DepthResolution:16.0]]
[2022.02.10-10.38.31:108][  0]LogConfig: Setting CVar [[r.SkyAtmosphere.FastSkyLUT:1]]
[2022.02.10-10.38.31:108][  0]LogConfig: Setting CVar [[r.SkyAtmosphere.FastSkyLUT.SampleCountMin:4.0]]
[2022.02.10-10.38.31:108][  0]LogConfig: Setting CVar [[r.SkyAtmosphere.FastSkyLUT.SampleCountMax:32.0]]
[2022.02.10-10.38.31:108][  0]LogConfig: Setting CVar [[r.SkyAtmosphere.SampleCountMin:4.0]]
[2022.02.10-10.38.31:108][  0]LogConfig: Setting CVar [[r.SkyAtmosphere.SampleCountMax:32.0]]
[2022.02.10-10.38.31:108][  0]LogConfig: Setting CVar [[r.SkyAtmosphere.TransmittanceLUT.UseSmallFormat:0]]
[2022.02.10-10.38.31:108][  0]LogConfig: Setting CVar [[r.SkyAtmosphere.TransmittanceLUT.SampleCount:10.0]]
[2022.02.10-10.38.31:108][  0]LogConfig: Setting CVar [[r.SkyAtmosphere.MultiScatteringLUT.SampleCount:15.0]]
[2022.02.10-10.38.31:108][  0]LogConfig: Applying CVar settings from Section [FoliageQuality@3] File [D:/IT/Year 4-1/Project1/Game Mr/Trashman/Trashman/Saved/Config/Windows/Scalability.ini]
[2022.02.10-10.38.31:108][  0]LogConfig: Setting CVar [[foliage.DensityScale:1.0]]
[2022.02.10-10.38.31:108][  0]LogConfig: Setting CVar [[grass.DensityScale:1.0]]
[2022.02.10-10.38.31:108][  0]LogConfig: Applying CVar settings from Section [ShadingQuality@3] File [D:/IT/Year 4-1/Project1/Game Mr/Trashman/Trashman/Saved/Config/Windows/Scalability.ini]
[2022.02.10-10.38.31:108][  0]LogConfig: Setting CVar [[r.HairStrands.SkyLighting.SampleCount:16]]
[2022.02.10-10.38.31:108][  0]LogConfig: Setting CVar [[r.HairStrands.SkyLighting.JitterIntegration:0]]
[2022.02.10-10.38.31:108][  0]LogConfig: Setting CVar [[r.HairStrands.SkyAO.SampleCount:16]]
[2022.02.10-10.38.31:108][  0]LogInit: Selected Device Profile: [Windows]
[2022.02.10-10.38.31:108][  0]LogInit: Applying CVar settings loaded from the selected device profile: [Windows]
[2022.02.10-10.38.31:117][  0]LogHAL: Display: Platform has ~ 16 GB [17014509568 / 17179869184 / 16], which maps to Larger [LargestMinGB=32, LargerMinGB=12, DefaultMinGB=8, SmallerMinGB=6, SmallestMinGB=0)
[2022.02.10-10.38.31:117][  0]LogInit: Going up to parent DeviceProfile []
[2022.02.10-10.38.31:117][  0]LogConfig: Applying CVar settings from Section [ViewDistanceQuality@3] File [D:/IT/Year 4-1/Project1/Game Mr/Trashman/Trashman/Saved/Config/Windows/Scalability.ini]
[2022.02.10-10.38.31:117][  0]LogConfig: Setting CVar [[r.SkeletalMeshLODBias:0]]
[2022.02.10-10.38.31:117][  0]LogConfig: Setting CVar [[r.ViewDistanceScale:1.0]]
[2022.02.10-10.38.31:117][  0]LogConfig: Applying CVar settings from Section [AntiAliasingQuality@3] File [D:/IT/Year 4-1/Project1/Game Mr/Trashman/Trashman/Saved/Config/Windows/Scalability.ini]
[2022.02.10-10.38.31:117][  0]LogConfig: Setting CVar [[r.PostProcessAAQuality:4]]
[2022.02.10-10.38.31:117][  0]LogConfig: Applying CVar settings from Section [ShadowQuality@3] File [D:/IT/Year 4-1/Project1/Game Mr/Trashman/Trashman/Saved/Config/Windows/Scalability.ini]
[2022.02.10-10.38.31:117][  0]LogConfig: Setting CVar [[r.LightFunctionQuality:1]]
[2022.02.10-10.38.31:117][  0]LogConfig: Setting CVar [[r.ShadowQuality:5]]
[2022.02.10-10.38.31:117][  0]LogConfig: Setting CVar [[r.Shadow.CSM.MaxCascades:10]]
[2022.02.10-10.38.31:117][  0]LogConfig: Setting CVar [[r.Shadow.MaxResolution:2048]]
[2022.02.10-10.38.31:117][  0]LogConfig: Setting CVar [[r.Shadow.MaxCSMResolution:2048]]
[2022.02.10-10.38.31:117][  0]LogConfig: Setting CVar [[r.Shadow.RadiusThreshold:0.01]]
[2022.02.10-10.38.31:117][  0]LogConfig: Setting CVar [[r.Shadow.DistanceScale:1.0]]
[2022.02.10-10.38.31:117][  0]LogConfig: Setting CVar [[r.Shadow.CSM.TransitionScale:1.0]]
[2022.02.10-10.38.31:117][  0]LogConfig: Setting CVar [[r.Shadow.PreShadowResolutionFactor:1.0]]
[2022.02.10-10.38.31:117][  0]LogConfig: Setting CVar [[r.DistanceFieldShadowing:1]]
[2022.02.10-10.38.31:117][  0]LogConfig: Setting CVar [[r.DistanceFieldAO:1]]
[2022.02.10-10.38.31:117][  0]LogConfig: Setting CVar [[r.AOQuality:2]]
[2022.02.10-10.38.31:117][  0]LogConfig: Setting CVar [[r.VolumetricFog:1]]
[2022.02.10-10.38.31:117][  0]LogConfig: Setting CVar [[r.VolumetricFog.GridPixelSize:8]]
[2022.02.10-10.38.31:117][  0]LogConfig: Setting CVar [[r.VolumetricFog.GridSizeZ:128]]
[2022.02.10-10.38.31:117][  0]LogConfig: Setting CVar [[r.VolumetricFog.HistoryMissSupersampleCount:4]]
[2022.02.10-10.38.31:117][  0]LogConfig: Setting CVar [[r.LightMaxDrawDistanceScale:1]]
[2022.02.10-10.38.31:117][  0]LogConfig: Setting CVar [[r.CapsuleShadows:1]]
[2022.02.10-10.38.31:117][  0]LogConfig: Applying CVar settings from Section [PostProcessQuality@3] File [D:/IT/Year 4-1/Project1/Game Mr/Trashman/Trashman/Saved/Config/Windows/Scalability.ini]
[2022.02.10-10.38.31:117][  0]LogConfig: Setting CVar [[r.MotionBlurQuality:4]]
[2022.02.10-10.38.31:117][  0]LogConfig: Setting CVar [[r.AmbientOcclusionMipLevelFactor:0.4]]
[2022.02.10-10.38.31:117][  0]LogConfig: Setting CVar [[r.AmbientOcclusionMaxQuality:100]]
[2022.02.10-10.38.31:118][  0]LogConfig: Setting CVar [[r.AmbientOcclusionLevels:-1]]
[2022.02.10-10.38.31:118][  0]LogConfig: Setting CVar [[r.AmbientOcclusionRadiusScale:1.0]]
[2022.02.10-10.38.31:118][  0]LogConfig: Setting CVar [[r.DepthOfFieldQuality:2]]
[2022.02.10-10.38.31:118][  0]LogConfig: Setting CVar [[r.RenderTargetPoolMin:400]]
[2022.02.10-10.38.31:118][  0]LogConfig: Setting CVar [[r.LensFlareQuality:2]]
[2022.02.10-10.38.31:118][  0]LogConfig: Setting CVar [[r.SceneColorFringeQuality:1]]
[2022.02.10-10.38.31:118][  0]LogConfig: Setting CVar [[r.EyeAdaptationQuality:2]]
[2022.02.10-10.38.31:118][  0]LogConfig: Setting CVar [[r.BloomQuality:5]]
[2022.02.10-10.38.31:118][  0]LogConfig: Setting CVar [[r.FastBlurThreshold:100]]
[2022.02.10-10.38.31:118][  0]LogConfig: Setting CVar [[r.Upscale.Quality:3]]
[2022.02.10-10.38.31:118][  0]LogConfig: Setting CVar [[r.Tonemapper.GrainQuantization:1]]
[2022.02.10-10.38.31:118][  0]LogConfig: Setting CVar [[r.LightShaftQuality:1]]
[2022.02.10-10.38.31:118][  0]LogConfig: Setting CVar [[r.Filter.SizeScale:1]]
[2022.02.10-10.38.31:118][  0]LogConfig: Setting CVar [[r.Tonemapper.Quality:5]]
[2022.02.10-10.38.31:118][  0]LogConfig: Setting CVar [[r.DOF.Gather.AccumulatorQuality:1        ; higher gathering accumulator quality]]
[2022.02.10-10.38.31:118][  0]LogConfig: Setting CVar [[r.DOF.Gather.PostfilterMethod:1          ; Median3x3 postfilering method]]
[2022.02.10-10.38.31:118][  0]LogConfig: Setting CVar [[r.DOF.Gather.EnableBokehSettings:0       ; no bokeh simulation when gathering]]
[2022.02.10-10.38.31:118][  0]LogConfig: Setting CVar [[r.DOF.Gather.RingCount:4                 ; medium number of samples when gathering]]
[2022.02.10-10.38.31:118][  0]LogConfig: Setting CVar [[r.DOF.Scatter.ForegroundCompositing:1    ; additive foreground scattering]]
[2022.02.10-10.38.31:118][  0]LogConfig: Setting CVar [[r.DOF.Scatter.BackgroundCompositing:2    ; additive background scattering]]
[2022.02.10-10.38.31:118][  0]LogConfig: Setting CVar [[r.DOF.Scatter.EnableBokehSettings:1      ; bokeh simulation when scattering]]
[2022.02.10-10.38.31:118][  0]LogConfig: Setting CVar [[r.DOF.Scatter.MaxSpriteRatio:0.1         ; only a maximum of 10% of scattered bokeh]]
[2022.02.10-10.38.31:118][  0]LogConfig: Setting CVar [[r.DOF.Recombine.Quality:1                ; cheap slight out of focus]]
[2022.02.10-10.38.31:118][  0]LogConfig: Setting CVar [[r.DOF.Recombine.EnableBokehSettings:0    ; no bokeh simulation on slight out of focus]]
[2022.02.10-10.38.31:118][  0]LogConfig: Setting CVar [[r.DOF.TemporalAAQuality:1                ; more stable temporal accumulation]]
[2022.02.10-10.38.31:118][  0]LogConfig: Setting CVar [[r.DOF.Kernel.MaxForegroundRadius:0.025]]
[2022.02.10-10.38.31:118][  0]LogConfig: Setting CVar [[r.DOF.Kernel.MaxBackgroundRadius:0.025]]
[2022.02.10-10.38.31:118][  0]LogConfig: Applying CVar settings from Section [TextureQuality@3] File [D:/IT/Year 4-1/Project1/Game Mr/Trashman/Trashman/Saved/Config/Windows/Scalability.ini]
[2022.02.10-10.38.31:118][  0]LogConfig: Setting CVar [[r.Streaming.MipBias:0]]
[2022.02.10-10.38.31:118][  0]LogConfig: Setting CVar [[r.Streaming.AmortizeCPUToGPUCopy:0]]
[2022.02.10-10.38.31:118][  0]LogConfig: Setting CVar [[r.Streaming.MaxNumTexturesToStreamPerFrame:0]]
[2022.02.10-10.38.31:118][  0]LogConfig: Setting CVar [[r.Streaming.Boost:1]]
[2022.02.10-10.38.31:118][  0]LogConfig: Setting CVar [[r.MaxAnisotropy:8]]
[2022.02.10-10.38.31:118][  0]LogConfig: Setting CVar [[r.VT.MaxAnisotropy:8]]
[2022.02.10-10.38.31:118][  0]LogConfig: Setting CVar [[r.Streaming.LimitPoolSizeToVRAM:0]]
[2022.02.10-10.38.31:118][  0]LogConfig: Setting CVar [[r.Streaming.PoolSize:1000]]
[2022.02.10-10.38.31:118][  0]LogConfig: Setting CVar [[r.Streaming.MaxEffectiveScreenSize:0]]
[2022.02.10-10.38.31:118][  0]LogConfig: Applying CVar settings from Section [EffectsQuality@3] File [D:/IT/Year 4-1/Project1/Game Mr/Trashman/Trashman/Saved/Config/Windows/Scalability.ini]
[2022.02.10-10.38.31:118][  0]LogConfig: Setting CVar [[r.TranslucencyLightingVolumeDim:64]]
[2022.02.10-10.38.31:118][  0]LogConfig: Setting CVar [[r.RefractionQuality:2]]
[2022.02.10-10.38.31:118][  0]LogConfig: Setting CVar [[r.SSR.Quality:3]]
[2022.02.10-10.38.31:118][  0]LogConfig: Setting CVar [[r.SSR.HalfResSceneColor:0]]
[2022.02.10-10.38.31:118][  0]LogConfig: Setting CVar [[r.SceneColorFormat:4]]
[2022.02.10-10.38.31:118][  0]LogConfig: Setting CVar [[r.DetailMode:2]]
[2022.02.10-10.38.31:118][  0]LogConfig: Setting CVar [[r.TranslucencyVolumeBlur:1]]
[2022.02.10-10.38.31:118][  0]LogConfig: Setting CVar [[r.MaterialQualityLevel:1 ; High quality]]
[2022.02.10-10.38.31:118][  0]LogConfig: Setting CVar [[r.SSS.Scale:1]]
[2022.02.10-10.38.31:118][  0]LogConfig: Setting CVar [[r.SSS.SampleSet:2]]
[2022.02.10-10.38.31:118][  0]LogConfig: Setting CVar [[r.SSS.Quality:1]]
[2022.02.10-10.38.31:118][  0]LogConfig: Setting CVar [[r.SSS.HalfRes:1]]
[2022.02.10-10.38.31:118][  0]LogConfig: Setting CVar [[r.SSGI.Quality:3]]
[2022.02.10-10.38.31:118][  0]LogConfig: Setting CVar [[r.EmitterSpawnRateScale:1.0]]
[2022.02.10-10.38.31:118][  0]LogConfig: Setting CVar [[r.ParticleLightQuality:2]]
[2022.02.10-10.38.31:118][  0]LogConfig: Setting CVar [[r.SkyAtmosphere.AerialPerspectiveLUT.FastApplyOnOpaque:1 ; Always have FastSkyLUT 1 in this case to avoid wrong sky]]
[2022.02.10-10.38.31:118][  0]LogConfig: Setting CVar [[r.SkyAtmosphere.AerialPerspectiveLUT.SampleCountPerSlice:1]]
[2022.02.10-10.38.31:118][  0]LogConfig: Setting CVar [[r.SkyAtmosphere.AerialPerspectiveLUT.DepthResolution:16.0]]
[2022.02.10-10.38.31:118][  0]LogConfig: Setting CVar [[r.SkyAtmosphere.FastSkyLUT:1]]
[2022.02.10-10.38.31:118][  0]LogConfig: Setting CVar [[r.SkyAtmosphere.FastSkyLUT.SampleCountMin:4.0]]
[2022.02.10-10.38.31:118][  0]LogConfig: Setting CVar [[r.SkyAtmosphere.FastSkyLUT.SampleCountMax:32.0]]
[2022.02.10-10.38.31:118][  0]LogConfig: Setting CVar [[r.SkyAtmosphere.SampleCountMin:4.0]]
[2022.02.10-10.38.31:118][  0]LogConfig: Setting CVar [[r.SkyAtmosphere.SampleCountMax:32.0]]
[2022.02.10-10.38.31:118][  0]LogConfig: Setting CVar [[r.SkyAtmosphere.TransmittanceLUT.UseSmallFormat:0]]
[2022.02.10-10.38.31:118][  0]LogConfig: Setting CVar [[r.SkyAtmosphere.TransmittanceLUT.SampleCount:10.0]]
[2022.02.10-10.38.31:118][  0]LogConfig: Setting CVar [[r.SkyAtmosphere.MultiScatteringLUT.SampleCount:15.0]]
[2022.02.10-10.38.31:118][  0]LogConfig: Applying CVar settings from Section [FoliageQuality@3] File [D:/IT/Year 4-1/Project1/Game Mr/Trashman/Trashman/Saved/Config/Windows/Scalability.ini]
[2022.02.10-10.38.31:118][  0]LogConfig: Setting CVar [[foliage.DensityScale:1.0]]
[2022.02.10-10.38.31:118][  0]LogConfig: Setting CVar [[grass.DensityScale:1.0]]
[2022.02.10-10.38.31:118][  0]LogConfig: Applying CVar settings from Section [ShadingQuality@3] File [D:/IT/Year 4-1/Project1/Game Mr/Trashman/Trashman/Saved/Config/Windows/Scalability.ini]
[2022.02.10-10.38.31:118][  0]LogConfig: Setting CVar [[r.HairStrands.SkyLighting.SampleCount:16]]
[2022.02.10-10.38.31:118][  0]LogConfig: Setting CVar [[r.HairStrands.SkyLighting.JitterIntegration:0]]
[2022.02.10-10.38.31:118][  0]LogConfig: Setting CVar [[r.HairStrands.SkyAO.SampleCount:16]]
[2022.02.10-10.38.31:118][  0]LogConfig: Applying CVar settings from Section [Startup] File [../../../Engine/Config/ConsoleVariables.ini]
[2022.02.10-10.38.31:122][  0]LogConfig: Setting CVar [[net.UseAdaptiveNetUpdateFrequency:0]]
[2022.02.10-10.38.31:122][  0]LogConfig: Setting CVar [[p.chaos.AllowCreatePhysxBodies:1]]
[2022.02.10-10.38.31:122][  0]LogConfig: Setting CVar [[gc.MultithreadedDestructionEnabled:0]]
[2022.02.10-10.38.31:122][  0]LogConfig: Applying CVar settings from Section [ConsoleVariables] File [D:/IT/Year 4-1/Project1/Game Mr/Trashman/Trashman/Saved/Config/Windows/Engine.ini]
[2022.02.10-10.38.31:122][  0]LogInit: Computer: ROBOT
[2022.02.10-10.38.31:122][  0]LogInit: User: acer
[2022.02.10-10.38.31:122][  0]LogInit: CPU Page size=4096, Cores=4
[2022.02.10-10.38.31:122][  0]LogInit: High frequency timer resolution =10.000000 MHz
[2022.02.10-10.38.31:122][  0]LogMemory: Memory total: Physical=15.8GB (16GB approx)
[2022.02.10-10.38.31:122][  0]LogMemory: Platform Memory Stats for Windows
[2022.02.10-10.38.31:122][  0]LogMemory: Process Physical Memory: 107.77 MB used, 107.77 MB peak
[2022.02.10-10.38.31:122][  0]LogMemory: Process Virtual Memory: 101.93 MB used, 101.93 MB peak
[2022.02.10-10.38.31:122][  0]LogMemory: Physical Memory: 9715.90 MB used,  6510.40 MB free, 16226.30 MB total
[2022.02.10-10.38.31:122][  0]LogMemory: Virtual Memory: 5148.73 MB used,  134212576.00 MB free, 134217728.00 MB total
[2022.02.10-10.38.31:126][  0]LogWindows: WindowsPlatformFeatures enabled
[2022.02.10-10.38.31:394][  0]LogInit: Using OS detected language (en-GB).
[2022.02.10-10.38.31:394][  0]LogInit: Using OS detected locale (th-TH).
[2022.02.10-10.38.31:395][  0]LogTextLocalizationManager: No specific localization for 'en-GB' exists, so the 'en' localization will be used.
[2022.02.10-10.38.31:395][  0]LogTextLocalizationManager: No localization for 'th-TH' exists, so 'en' will be used for the locale.
[2022.02.10-10.38.31:698][  0]LogSlate: New Slate User Created.  User Index 0, Is Virtual User: 0
[2022.02.10-10.38.31:698][  0]LogSlate: Slate User Registered.  User Index 0, Is Virtual User: 0
[2022.02.10-10.38.31:815][  0]LogVulkanRHI: Display: - Found instance layer VK_LAYER_EOS_Overlay
[2022.02.10-10.38.31:815][  0]LogVulkanRHI: Display: - Found instance layer VK_LAYER_NV_optimus
[2022.02.10-10.38.31:815][  0]LogVulkanRHI: Display: - Found instance layer VK_LAYER_OBS_HOOK
[2022.02.10-10.38.31:815][  0]LogVulkanRHI: Display: - Found instance layer VK_LAYER_OW_OBS_HOOK
[2022.02.10-10.38.31:815][  0]LogVulkanRHI: Display: - Found instance layer VK_LAYER_OW_OVERLAY
[2022.02.10-10.38.31:815][  0]LogVulkanRHI: Display: - Found instance layer VK_LAYER_ROCKSTAR_GAMES_social_club
[2022.02.10-10.38.31:815][  0]LogVulkanRHI: Display: - Found instance layer VK_LAYER_VALVE_steam_fossilize
[2022.02.10-10.38.31:815][  0]LogVulkanRHI: Display: - Found instance layer VK_LAYER_VALVE_steam_overlay
[2022.02.10-10.38.31:815][  0]LogVulkanRHI: Display: - Found instance extension VK_EXT_debug_report
[2022.02.10-10.38.31:815][  0]LogVulkanRHI: Display: - Found instance extension VK_EXT_debug_utils
[2022.02.10-10.38.31:815][  0]LogVulkanRHI: Display: - Found instance extension VK_EXT_swapchain_colorspace
[2022.02.10-10.38.31:815][  0]LogVulkanRHI: Display: - Found instance extension VK_KHR_device_group_creation
[2022.02.10-10.38.31:815][  0]LogVulkanRHI: Display: - Found instance extension VK_KHR_display
[2022.02.10-10.38.31:815][  0]LogVulkanRHI: Display: - Found instance extension VK_KHR_external_fence_capabilities
[2022.02.10-10.38.31:815][  0]LogVulkanRHI: Display: - Found instance extension VK_KHR_external_memory_capabilities
[2022.02.10-10.38.31:815][  0]LogVulkanRHI: Display: - Found instance extension VK_KHR_external_semaphore_capabilities
[2022.02.10-10.38.31:815][  0]LogVulkanRHI: Display: - Found instance extension VK_KHR_get_display_properties2
[2022.02.10-10.38.31:815][  0]LogVulkanRHI: Display: - Found instance extension VK_KHR_get_physical_device_properties2
[2022.02.10-10.38.31:815][  0]LogVulkanRHI: Display: - Found instance extension VK_KHR_get_surface_capabilities2
[2022.02.10-10.38.31:815][  0]LogVulkanRHI: Display: - Found instance extension VK_KHR_surface
[2022.02.10-10.38.31:815][  0]LogVulkanRHI: Display: - Found instance extension VK_KHR_surface_protected_capabilities
[2022.02.10-10.38.31:815][  0]LogVulkanRHI: Display: - Found instance extension VK_KHR_win32_surface
[2022.02.10-10.38.31:815][  0]LogVulkanRHI: Display: - Found instance extension VK_NV_external_memory_capabilities
[2022.02.10-10.38.31:817][  0]LogLuminAPI: Display: Dll loaded: C:/Users/acer/MagicLeap/tools/zi/v2.3.2.20210609//lib/ml_remote.dll
[2022.02.10-10.38.31:817][  0]LogVulkanRHI: Display: Not using instance layers
[2022.02.10-10.38.31:817][  0]LogVulkanRHI: Display: Using instance extensions
[2022.02.10-10.38.31:817][  0]LogVulkanRHI: Display: * VK_KHR_get_physical_device_properties2
[2022.02.10-10.38.31:817][  0]LogVulkanRHI: Display: * VK_KHR_external_memory_capabilities
[2022.02.10-10.38.31:817][  0]LogVulkanRHI: Display: * VK_KHR_external_semaphore_capabilities
[2022.02.10-10.38.31:817][  0]LogVulkanRHI: Display: * VK_KHR_external_fence_capabilities
[2022.02.10-10.38.31:817][  0]LogVulkanRHI: Display: * VK_KHR_surface
[2022.02.10-10.38.31:817][  0]LogVulkanRHI: Display: * VK_KHR_win32_surface
[2022.02.10-10.38.31:892][  0]LogVulkanRHI: Display: Found 1 device(s)
[2022.02.10-10.38.31:893][  0]LogVulkanRHI: Display: Device 0: NVIDIA GeForce GTX 1050 Ti
[2022.02.10-10.38.31:893][  0]LogVulkanRHI: Display: - API 1.2.175(0x4020af) Driver 0x75d10000 VendorId 0x10de
[2022.02.10-10.38.31:893][  0]LogVulkanRHI: Display: - DeviceID 0x1c8c Type Discrete GPU
[2022.02.10-10.38.31:893][  0]LogVulkanRHI: Display: - Max Descriptor Sets Bound 32 Timestamps 1
[2022.02.10-10.38.31:893][  0]LogVulkanRHI: Display: - Device Properties driverName: NVIDIA
[2022.02.10-10.38.31:893][  0]LogVulkanRHI: Display: - Device Properties driverInfo: 471.68
[2022.02.10-10.38.31:893][  0]LogVulkanRHI: Display: -    Found device layer VK_LAYER_NV_optimus
[2022.02.10-10.38.31:893][  0]LogVulkanRHI: Display: -    Found device layer VK_LAYER_OBS_HOOK
[2022.02.10-10.38.31:893][  0]LogVulkanRHI: Display: -    Found device layer VK_LAYER_OW_OBS_HOOK
[2022.02.10-10.38.31:893][  0]LogVulkanRHI: Display: -    Found device layer VK_LAYER_OW_OVERLAY
[2022.02.10-10.38.31:893][  0]LogVulkanRHI: Display: -    Found device extension VK_EXT_4444_formats
[2022.02.10-10.38.31:893][  0]LogVulkanRHI: Display: -    Found device extension VK_EXT_blend_operation_advanced
[2022.02.10-10.38.31:893][  0]LogVulkanRHI: Display: -    Found device extension VK_EXT_buffer_device_address
[2022.02.10-10.38.31:893][  0]LogVulkanRHI: Display: -    Found device extension VK_EXT_calibrated_timestamps
[2022.02.10-10.38.31:893][  0]LogVulkanRHI: Display: -    Found device extension VK_EXT_color_write_enable
[2022.02.10-10.38.31:893][  0]LogVulkanRHI: Display: -    Found device extension VK_EXT_conditional_rendering
[2022.02.10-10.38.31:893][  0]LogVulkanRHI: Display: -    Found device extension VK_EXT_conservative_rasterization
[2022.02.10-10.38.31:893][  0]LogVulkanRHI: Display: -    Found device extension VK_EXT_custom_border_color
[2022.02.10-10.38.31:893][  0]LogVulkanRHI: Display: -    Found device extension VK_EXT_depth_clip_enable
[2022.02.10-10.38.31:893][  0]LogVulkanRHI: Display: -    Found device extension VK_EXT_depth_range_unrestricted
[2022.02.10-10.38.31:893][  0]LogVulkanRHI: Display: -    Found device extension VK_EXT_descriptor_indexing
[2022.02.10-10.38.31:893][  0]LogVulkanRHI: Display: -    Found device extension VK_EXT_discard_rectangles
[2022.02.10-10.38.31:893][  0]LogVulkanRHI: Display: -    Found device extension VK_EXT_extended_dynamic_state
[2022.02.10-10.38.31:893][  0]LogVulkanRHI: Display: -    Found device extension VK_EXT_extended_dynamic_state2
[2022.02.10-10.38.31:893][  0]LogVulkanRHI: Display: -    Found device extension VK_EXT_external_memory_host
[2022.02.10-10.38.31:893][  0]LogVulkanRHI: Display: -    Found device extension VK_EXT_fragment_shader_interlock
[2022.02.10-10.38.31:893][  0]LogVulkanRHI: Display: -    Found device extension VK_EXT_full_screen_exclusive
[2022.02.10-10.38.31:893][  0]LogVulkanRHI: Display: -    Found device extension VK_EXT_global_priority
[2022.02.10-10.38.31:893][  0]LogVulkanRHI: Display: -    Found device extension VK_EXT_global_priority_query
[2022.02.10-10.38.31:893][  0]LogVulkanRHI: Display: -    Found device extension VK_EXT_hdr_metadata
[2022.02.10-10.38.31:893][  0]LogVulkanRHI: Display: -    Found device extension VK_EXT_host_query_reset
[2022.02.10-10.38.31:893][  0]LogVulkanRHI: Display: -    Found device extension VK_EXT_image_robustness
[2022.02.10-10.38.31:893][  0]LogVulkanRHI: Display: -    Found device extension VK_EXT_index_type_uint8
[2022.02.10-10.38.31:893][  0]LogVulkanRHI: Display: -    Found device extension VK_EXT_inline_uniform_block
[2022.02.10-10.38.31:893][  0]LogVulkanRHI: Display: -    Found device extension VK_EXT_line_rasterization
[2022.02.10-10.38.31:893][  0]LogVulkanRHI: Display: -    Found device extension VK_EXT_memory_budget
[2022.02.10-10.38.31:893][  0]LogVulkanRHI: Display: -    Found device extension VK_EXT_memory_priority
[2022.02.10-10.38.31:893][  0]LogVulkanRHI: Display: -    Found device extension VK_EXT_pci_bus_info
[2022.02.10-10.38.31:893][  0]LogVulkanRHI: Display: -    Found device extension VK_EXT_pipeline_creation_cache_control
[2022.02.10-10.38.31:893][  0]LogVulkanRHI: Display: -    Found device extension VK_EXT_pipeline_creation_feedback
[2022.02.10-10.38.31:893][  0]LogVulkanRHI: Display: -    Found device extension VK_EXT_post_depth_coverage
[2022.02.10-10.38.31:893][  0]LogVulkanRHI: Display: -    Found device extension VK_EXT_private_data
[2022.02.10-10.38.31:894][  0]LogVulkanRHI: Display: -    Found device extension VK_EXT_provoking_vertex
[2022.02.10-10.38.31:894][  0]LogVulkanRHI: Display: -    Found device extension VK_EXT_queue_family_foreign
[2022.02.10-10.38.31:894][  0]LogVulkanRHI: Display: -    Found device extension VK_EXT_robustness2
[2022.02.10-10.38.31:894][  0]LogVulkanRHI: Display: -    Found device extension VK_EXT_sample_locations
[2022.02.10-10.38.31:894][  0]LogVulkanRHI: Display: -    Found device extension VK_EXT_sampler_filter_minmax
[2022.02.10-10.38.31:894][  0]LogVulkanRHI: Display: -    Found device extension VK_EXT_scalar_block_layout
[2022.02.10-10.38.31:894][  0]LogVulkanRHI: Display: -    Found device extension VK_EXT_separate_stencil_usage
[2022.02.10-10.38.31:894][  0]LogVulkanRHI: Display: -    Found device extension VK_EXT_shader_atomic_float
[2022.02.10-10.38.31:894][  0]LogVulkanRHI: Display: -    Found device extension VK_EXT_shader_demote_to_helper_invocation
[2022.02.10-10.38.31:894][  0]LogVulkanRHI: Display: -    Found device extension VK_EXT_shader_image_atomic_int64
[2022.02.10-10.38.31:894][  0]LogVulkanRHI: Display: -    Found device extension VK_EXT_shader_subgroup_ballot
[2022.02.10-10.38.31:894][  0]LogVulkanRHI: Display: -    Found device extension VK_EXT_shader_subgroup_vote
[2022.02.10-10.38.31:894][  0]LogVulkanRHI: Display: -    Found device extension VK_EXT_shader_viewport_index_layer
[2022.02.10-10.38.31:894][  0]LogVulkanRHI: Display: -    Found device extension VK_EXT_subgroup_size_control
[2022.02.10-10.38.31:894][  0]LogVulkanRHI: Display: -    Found device extension VK_EXT_texel_buffer_alignment
[2022.02.10-10.38.31:894][  0]LogVulkanRHI: Display: -    Found device extension VK_EXT_tooling_info
[2022.02.10-10.38.31:894][  0]LogVulkanRHI: Display: -    Found device extension VK_EXT_transform_feedback
[2022.02.10-10.38.31:894][  0]LogVulkanRHI: Display: -    Found device extension VK_EXT_vertex_attribute_divisor
[2022.02.10-10.38.31:894][  0]LogVulkanRHI: Display: -    Found device extension VK_EXT_vertex_input_dynamic_state
[2022.02.10-10.38.31:894][  0]LogVulkanRHI: Display: -    Found device extension VK_EXT_ycbcr_image_arrays
[2022.02.10-10.38.31:894][  0]LogVulkanRHI: Display: -    Found device extension VK_KHR_16bit_storage
[2022.02.10-10.38.31:894][  0]LogVulkanRHI: Display: -    Found device extension VK_KHR_8bit_storage
[2022.02.10-10.38.31:894][  0]LogVulkanRHI: Display: -    Found device extension VK_KHR_bind_memory2
[2022.02.10-10.38.31:894][  0]LogVulkanRHI: Display: -    Found device extension VK_KHR_buffer_device_address
[2022.02.10-10.38.31:894][  0]LogVulkanRHI: Display: -    Found device extension VK_KHR_copy_commands2
[2022.02.10-10.38.31:894][  0]LogVulkanRHI: Display: -    Found device extension VK_KHR_create_renderpass2
[2022.02.10-10.38.31:894][  0]LogVulkanRHI: Display: -    Found device extension VK_KHR_dedicated_allocation
[2022.02.10-10.38.31:894][  0]LogVulkanRHI: Display: -    Found device extension VK_KHR_depth_stencil_resolve
[2022.02.10-10.38.31:894][  0]LogVulkanRHI: Display: -    Found device extension VK_KHR_descriptor_update_template
[2022.02.10-10.38.31:894][  0]LogVulkanRHI: Display: -    Found device extension VK_KHR_device_group
[2022.02.10-10.38.31:894][  0]LogVulkanRHI: Display: -    Found device extension VK_KHR_draw_indirect_count
[2022.02.10-10.38.31:894][  0]LogVulkanRHI: Display: -    Found device extension VK_KHR_driver_properties
[2022.02.10-10.38.31:894][  0]LogVulkanRHI: Display: -    Found device extension VK_KHR_external_fence
[2022.02.10-10.38.31:894][  0]LogVulkanRHI: Display: -    Found device extension VK_KHR_external_fence_win32
[2022.02.10-10.38.31:894][  0]LogVulkanRHI: Display: -    Found device extension VK_KHR_external_memory
[2022.02.10-10.38.31:894][  0]LogVulkanRHI: Display: -    Found device extension VK_KHR_external_memory_win32
[2022.02.10-10.38.31:894][  0]LogVulkanRHI: Display: -    Found device extension VK_KHR_external_semaphore
[2022.02.10-10.38.31:894][  0]LogVulkanRHI: Display: -    Found device extension VK_KHR_external_semaphore_win32
[2022.02.10-10.38.31:894][  0]LogVulkanRHI: Display: -    Found device extension VK_KHR_get_memory_requirements2
[2022.02.10-10.38.31:894][  0]LogVulkanRHI: Display: -    Found device extension VK_KHR_image_format_list
[2022.02.10-10.38.31:894][  0]LogVulkanRHI: Display: -    Found device extension VK_KHR_imageless_framebuffer
[2022.02.10-10.38.31:894][  0]LogVulkanRHI: Display: -    Found device extension VK_KHR_maintenance1
[2022.02.10-10.38.31:894][  0]LogVulkanRHI: Display: -    Found device extension VK_KHR_maintenance2
[2022.02.10-10.38.31:894][  0]LogVulkanRHI: Display: -    Found device extension VK_KHR_maintenance3
[2022.02.10-10.38.31:894][  0]LogVulkanRHI: Display: -    Found device extension VK_KHR_multiview
[2022.02.10-10.38.31:894][  0]LogVulkanRHI: Display: -    Found device extension VK_KHR_pipeline_executable_properties
[2022.02.10-10.38.31:894][  0]LogVulkanRHI: Display: -    Found device extension VK_KHR_push_descriptor
[2022.02.10-10.38.31:894][  0]LogVulkanRHI: Display: -    Found device extension VK_KHR_relaxed_block_layout
[2022.02.10-10.38.31:894][  0]LogVulkanRHI: Display: -    Found device extension VK_KHR_sampler_mirror_clamp_to_edge
[2022.02.10-10.38.31:894][  0]LogVulkanRHI: Display: -    Found device extension VK_KHR_sampler_ycbcr_conversion
[2022.02.10-10.38.31:894][  0]LogVulkanRHI: Display: -    Found device extension VK_KHR_separate_depth_stencil_layouts
[2022.02.10-10.38.31:894][  0]LogVulkanRHI: Display: -    Found device extension VK_KHR_shader_atomic_int64
[2022.02.10-10.38.31:894][  0]LogVulkanRHI: Display: -    Found device extension VK_KHR_shader_clock
[2022.02.10-10.38.31:894][  0]LogVulkanRHI: Display: -    Found device extension VK_KHR_shader_draw_parameters
[2022.02.10-10.38.31:894][  0]LogVulkanRHI: Display: -    Found device extension VK_KHR_shader_float16_int8
[2022.02.10-10.38.31:894][  0]LogVulkanRHI: Display: -    Found device extension VK_KHR_shader_float_controls
[2022.02.10-10.38.31:894][  0]LogVulkanRHI: Display: -    Found device extension VK_KHR_shader_non_semantic_info
[2022.02.10-10.38.31:894][  0]LogVulkanRHI: Display: -    Found device extension VK_KHR_shader_subgroup_extended_types
[2022.02.10-10.38.31:894][  0]LogVulkanRHI: Display: -    Found device extension VK_KHR_shader_terminate_invocation
[2022.02.10-10.38.31:894][  0]LogVulkanRHI: Display: -    Found device extension VK_KHR_spirv_1_4
[2022.02.10-10.38.31:894][  0]LogVulkanRHI: Display: -    Found device extension VK_KHR_storage_buffer_storage_class
[2022.02.10-10.38.31:894][  0]LogVulkanRHI: Display: -    Found device extension VK_KHR_swapchain
[2022.02.10-10.38.31:894][  0]LogVulkanRHI: Display: -    Found device extension VK_KHR_swapchain_mutable_format
[2022.02.10-10.38.31:894][  0]LogVulkanRHI: Display: -    Found device extension VK_KHR_synchronization2
[2022.02.10-10.38.31:894][  0]LogVulkanRHI: Display: -    Found device extension VK_KHR_timeline_semaphore
[2022.02.10-10.38.31:894][  0]LogVulkanRHI: Display: -    Found device extension VK_KHR_uniform_buffer_standard_layout
[2022.02.10-10.38.31:894][  0]LogVulkanRHI: Display: -    Found device extension VK_KHR_variable_pointers
[2022.02.10-10.38.31:894][  0]LogVulkanRHI: Display: -    Found device extension VK_KHR_vulkan_memory_model
[2022.02.10-10.38.31:894][  0]LogVulkanRHI: Display: -    Found device extension VK_KHR_win32_keyed_mutex
[2022.02.10-10.38.31:894][  0]LogVulkanRHI: Display: -    Found device extension VK_KHR_workgroup_memory_explicit_layout
[2022.02.10-10.38.31:894][  0]LogVulkanRHI: Display: -    Found device extension VK_KHR_zero_initialize_workgroup_memory
[2022.02.10-10.38.31:894][  0]LogVulkanRHI: Display: -    Found device extension VK_NV_acquire_winrt_display
[2022.02.10-10.38.31:894][  0]LogVulkanRHI: Display: -    Found device extension VK_NV_clip_space_w_scaling
[2022.02.10-10.38.31:894][  0]LogVulkanRHI: Display: -    Found device extension VK_NV_coverage_reduction_mode
[2022.02.10-10.38.31:894][  0]LogVulkanRHI: Display: -    Found device extension VK_NV_dedicated_allocation
[2022.02.10-10.38.31:894][  0]LogVulkanRHI: Display: -    Found device extension VK_NV_dedicated_allocation_image_aliasing
[2022.02.10-10.38.31:894][  0]LogVulkanRHI: Display: -    Found device extension VK_NV_device_diagnostic_checkpoints
[2022.02.10-10.38.31:894][  0]LogVulkanRHI: Display: -    Found device extension VK_NV_device_diagnostics_config
[2022.02.10-10.38.31:894][  0]LogVulkanRHI: Display: -    Found device extension VK_NV_device_generated_commands
[2022.02.10-10.38.31:895][  0]LogVulkanRHI: Display: -    Found device extension VK_NV_external_memory
[2022.02.10-10.38.31:895][  0]LogVulkanRHI: Display: -    Found device extension VK_NV_external_memory_win32
[2022.02.10-10.38.31:895][  0]LogVulkanRHI: Display: -    Found device extension VK_NV_fill_rectangle
[2022.02.10-10.38.31:895][  0]LogVulkanRHI: Display: -    Found device extension VK_NV_fragment_coverage_to_color
[2022.02.10-10.38.31:895][  0]LogVulkanRHI: Display: -    Found device extension VK_NV_framebuffer_mixed_samples
[2022.02.10-10.38.31:895][  0]LogVulkanRHI: Display: -    Found device extension VK_NV_geometry_shader_passthrough
[2022.02.10-10.38.31:895][  0]LogVulkanRHI: Display: -    Found device extension VK_NV_inherited_viewport_scissor
[2022.02.10-10.38.31:895][  0]LogVulkanRHI: Display: -    Found device extension VK_NV_sample_mask_override_coverage
[2022.02.10-10.38.31:895][  0]LogVulkanRHI: Display: -    Found device extension VK_NV_shader_sm_builtins
[2022.02.10-10.38.31:895][  0]LogVulkanRHI: Display: -    Found device extension VK_NV_shader_subgroup_partitioned
[2022.02.10-10.38.31:895][  0]LogVulkanRHI: Display: -    Found device extension VK_NV_viewport_array2
[2022.02.10-10.38.31:895][  0]LogVulkanRHI: Display: -    Found device extension VK_NV_viewport_swizzle
[2022.02.10-10.38.31:895][  0]LogVulkanRHI: Display: -    Found device extension VK_NV_win32_keyed_mutex
[2022.02.10-10.38.31:895][  0]LogVulkanRHI: Display: -    Found device extension VK_NVX_multiview_per_view_attributes
[2022.02.10-10.38.31:895][  0]LogVulkanRHI: Display: Using Device 0: Geometry 1 Tessellation 1
[2022.02.10-10.38.31:895][  0]LogVulkanRHI: Display: Found 3 Queue Families
[2022.02.10-10.38.31:895][  0]LogVulkanRHI: Display: Initializing Queue Family 0: 16 queues Gfx Compute Xfer Sparse
[2022.02.10-10.38.31:895][  0]LogVulkanRHI: Display: Initializing Queue Family 1: 2 queues Xfer Sparse
[2022.02.10-10.38.31:895][  0]LogVulkanRHI: Display: Skipping unnecessary Queue Family 2: 8 queues Compute Xfer Sparse
[2022.02.10-10.38.32:442][  0]LogVulkanRHI: Display: Using device layers
[2022.02.10-10.38.32:442][  0]LogVulkanRHI: Display: Using device extensions
[2022.02.10-10.38.32:442][  0]LogVulkanRHI: Display: * VK_KHR_external_memory
[2022.02.10-10.38.32:442][  0]LogVulkanRHI: Display: * VK_KHR_external_semaphore
[2022.02.10-10.38.32:442][  0]LogVulkanRHI: Display: * VK_KHR_external_fence
[2022.02.10-10.38.32:442][  0]LogVulkanRHI: Display: * VK_KHR_external_memory_win32
[2022.02.10-10.38.32:442][  0]LogVulkanRHI: Display: * VK_KHR_external_semaphore_win32
[2022.02.10-10.38.32:442][  0]LogVulkanRHI: Display: * VK_KHR_external_fence_win32
[2022.02.10-10.38.32:442][  0]LogVulkanRHI: Display: * VK_KHR_driver_properties
[2022.02.10-10.38.32:442][  0]LogVulkanRHI: Display: * VK_KHR_bind_memory2
[2022.02.10-10.38.32:442][  0]LogVulkanRHI: Display: * VK_KHR_get_memory_requirements2
[2022.02.10-10.38.32:442][  0]LogVulkanRHI: Display: * VK_KHR_sampler_ycbcr_conversion
[2022.02.10-10.38.32:442][  0]LogVulkanRHI: Display: * VK_KHR_swapchain
[2022.02.10-10.38.32:442][  0]LogVulkanRHI: Display: * VK_KHR_maintenance1
[2022.02.10-10.38.32:442][  0]LogVulkanRHI: Display: * VK_KHR_maintenance2
[2022.02.10-10.38.32:442][  0]LogVulkanRHI: Display: * VK_EXT_memory_priority
[2022.02.10-10.38.32:442][  0]LogVulkanRHI: Display: 3 Device Memory Heaps; Max memory allocations 4096
[2022.02.10-10.38.32:442][  0]LogVulkanRHI: Display: 0: Flags 0x1 Size 4214226944 (4019.00 MB) GPU
[2022.02.10-10.38.32:442][  0]LogVulkanRHI: Display: 1: Flags 0x0 Size 8507252736 (8113.15 MB) 
[2022.02.10-10.38.32:442][  0]LogVulkanRHI: Display: 2: Flags 0x1 Size 224395264 (214.00 MB) GPU
[2022.02.10-10.38.32:442][  0]LogVulkanRHI: Display: 11 Device Memory Types (Not unified)
[2022.02.10-10.38.32:442][  0]LogVulkanRHI: Display: 0: Flags 0x0 Heap 1 
[2022.02.10-10.38.32:442][  0]LogVulkanRHI: Display: 1: Flags 0x0 Heap 1 
[2022.02.10-10.38.32:443][  0]LogVulkanRHI: Display: 2: Flags 0x0 Heap 1 
[2022.02.10-10.38.32:443][  0]LogVulkanRHI: Display: 3: Flags 0x0 Heap 1 
[2022.02.10-10.38.32:443][  0]LogVulkanRHI: Display: 4: Flags 0x0 Heap 1 
[2022.02.10-10.38.32:443][  0]LogVulkanRHI: Display: 5: Flags 0x0 Heap 1 
[2022.02.10-10.38.32:443][  0]LogVulkanRHI: Display: 6: Flags 0x0 Heap 1 
[2022.02.10-10.38.32:443][  0]LogVulkanRHI: Display: 7: Flags 0x1 Heap 0  Local
[2022.02.10-10.38.32:443][  0]LogVulkanRHI: Display: 8: Flags 0x6 Heap 1  HostVisible HostCoherent
[2022.02.10-10.38.32:443][  0]LogVulkanRHI: Display: 9: Flags 0xe Heap 1  HostVisible HostCoherent HostCached
[2022.02.10-10.38.32:443][  0]LogVulkanRHI: Display: 10: Flags 0x7 Heap 2  Local HostVisible HostCoherent
[2022.02.10-10.38.32:455][  0]LogVulkanRHI: Display: FVulkanPipelineStateCacheManager: Binary pipeline cache 'D:/IT/Year 4-1/Project1/Game Mr/Trashman/Trashman/Saved/VulkanPSO.cache.10de.1c8c' not found.
[2022.02.10-10.38.32:465][  0]LogVulkanRHI: Display: Nvidia User Driver Version = 471.68
[2022.02.10-10.38.32:480][  0]LogRHI: Texture pool is 2814 MB (70% of 4021 MB)
