"../../../Engine/Content/EditorBlueprintResources/StandardMacros.uasset" 0
"D:/IT/Year 4-1/Project1/Game Mr/Trashman/Trashman/Content/Blueprint/control/Common/BP_XRPawn.uasset" 1
"D:/IT/Year 4-1/Project1/Game Mr/Trashman/Trashman/Content/Blueprint/control/ControllerPointer/Materials/M_Beam.uasset" 2
"D:/IT/Year 4-1/Project1/Game Mr/Trashman/Trashman/Content/Model/Level1/item/burger-box/source/box/material_0.uasset" 3
"D:/IT/Year 4-1/Project1/Game Mr/Trashman/Trashman/Content/Blueprint/control/ControllerPointer/Materials/M_TargetSelected.uasset" 4
"../../../Engine/Content/Functions/Engine_MaterialFunctions01/Opacity/CameraDepthFade.uasset" 5
"../../../Engine/Content/EngineMaterials/T_Default_Material_Grid_M.uasset" 6
"../../../Engine/Content/EngineMaterials/T_Default_Material_Grid_N.uasset" 7
"../../../Engine/Content/EngineMaterials/DefaultMaterial.uasset" 8
"../../../Engine/Content/BasicShapes/Sphere.uasset" 9
"../../../Engine/Content/BasicShapes/BasicShapeMaterial.uasset" 10
"D:/IT/Year 4-1/Project1/Game Mr/Trashman/Trashman/Content/Blueprint/control/Art/Pointer_Mesh.uasset" 11
"D:/IT/Year 4-1/Project1/Game Mr/Trashman/Trashman/Content/Blueprint/control/ControllerPointer/Blueprints/BP_ControlPointer.uasset" 12
"D:/IT/Year 4-1/Project1/Game Mr/Trashman/Trashman/Content/Map/File_Screen/How_to_Play/back_sign.uasset" 13
"D:/IT/Year 4-1/Project1/Game Mr/Trashman/Trashman/Content/Map/File_Screen/How_to_Play/sign.uasset" 14
"D:/IT/Year 4-1/Project1/Game Mr/Trashman/Trashman/Content/Map/File_Screen/How_to_Play/start.uasset" 15
"D:/IT/Year 4-1/Project1/Game Mr/Trashman/Trashman/Content/Map/File_Screen/How_to_Play/howto_next.uasset" 16
"D:/IT/Year 4-1/Project1/Game Mr/Trashman/Trashman/Content/Map/Widget/Bin_next.uasset" 17
"D:/IT/Year 4-1/Project1/Game Mr/Trashman/Trashman/Content/Map/File_Screen/How_to_Play/photo/howtoplay3.uasset" 18
"D:/IT/Year 4-1/Project1/Game Mr/Trashman/Trashman/Content/Map/File_Screen/How_to_Play/background.uasset" 19
"D:/IT/Year 4-1/Project1/Game Mr/Trashman/Trashman/Content/Map/File_Screen/How_to_Play/backgroung2.uasset" 20
"D:/IT/Year 4-1/Project1/Game Mr/Trashman/Trashman/Content/Map/File_Screen/How_to_Play/sign_info1.uasset" 21
"D:/IT/Year 4-1/Project1/Game Mr/Trashman/Trashman/Content/Map/File_Screen/How_to_Play/howto_info4.uasset" 22
"D:/IT/Year 4-1/Project1/Game Mr/Trashman/Trashman/Content/Map/File_Screen/How_to_Play/back2.uasset" 23
"D:/IT/Year 4-1/Project1/Game Mr/Trashman/Trashman/Content/Map/File_Screen/How_to_Play/sign_how1.uasset" 24
"D:/IT/Year 4-1/Project1/Game Mr/Trashman/Trashman/Content/Map/File_Screen/How_to_Play/text_how1.uasset" 25
"D:/IT/Year 4-1/Project1/Game Mr/Trashman/Trashman/Content/Map/File_Screen/How_to_Play/howto_sign.uasset" 26
"D:/IT/Year 4-1/Project1/Game Mr/Trashman/Trashman/Content/Map/Widget/howto.uasset" 27
"D:/IT/Year 4-1/Project1/Game Mr/Trashman/Trashman/Content/Material/M_Cube.uasset" 28
"../../../Engine/Content/EngineMaterials/WorldGridMaterial.uasset" 29
"../../../Engine/Content/BasicShapes/Cube.uasset" 30
"D:/IT/Year 4-1/Project1/Game Mr/Trashman/Trashman/Content/Blueprint/Example/BP_ControllerCube.uasset" 31
"D:/IT/Year 4-1/Project1/Game Mr/Trashman/Trashman/Content/Blueprint/LuminSampleGameMode.uasset" 32
"D:/IT/Year 4-1/Project1/Game Mr/Trashman/Trashman/Content/Map/File_Screen/Bin_total/blue_bin1.uasset" 33
"D:/IT/Year 4-1/Project1/Game Mr/Trashman/Trashman/Content/Map/File_Screen/Bin_total/White.uasset" 34
"D:/IT/Year 4-1/Project1/Game Mr/Trashman/Trashman/Content/Map/File_Screen/Bin_total/Blue_bin.uasset" 35
"D:/IT/Year 4-1/Project1/Game Mr/Trashman/Trashman/Content/Map/File_Screen/Content_bin/image/03general2.uasset" 36
"D:/IT/Year 4-1/Project1/Game Mr/Trashman/Trashman/Content/Map/File_Screen/Content_bin/Content03.uasset" 37
"D:/IT/Year 4-1/Project1/Game Mr/Trashman/Trashman/Content/Map/File_Screen/Content_bin/Content2.uasset" 38
"D:/IT/Year 4-1/Project1/Game Mr/Trashman/Trashman/Content/Map/File_Screen/Content_bin/sign_info1.uasset" 39
"D:/IT/Year 4-1/Project1/Game Mr/Trashman/Trashman/Content/Map/File_Screen/Content_bin/03_Content_Blue.uasset" 40
"D:/IT/Year 4-1/Project1/Game Mr/Trashman/Trashman/Content/Map/Widget/Trash_Blue.uasset" 41
"D:/IT/Year 4-1/Project1/Game Mr/Trashman/Trashman/Content/Map/File_Screen/Bin_total/Green_bin1.uasset" 42
"D:/IT/Year 4-1/Project1/Game Mr/Trashman/Trashman/Content/Map/File_Screen/Bin_total/White_bin.uasset" 43
"D:/IT/Year 4-1/Project1/Game Mr/Trashman/Trashman/Content/Map/File_Screen/Bin_total/Green_bin.uasset" 44
"D:/IT/Year 4-1/Project1/Game Mr/Trashman/Trashman/Content/Map/File_Screen/Content_bin/image/02garbage2.uasset" 45
"D:/IT/Year 4-1/Project1/Game Mr/Trashman/Trashman/Content/Map/File_Screen/Content_bin/Content02.uasset" 46
"D:/IT/Year 4-1/Project1/Game Mr/Trashman/Trashman/Content/Map/File_Screen/Content_bin/02_Content_Green.uasset" 47
"D:/IT/Year 4-1/Project1/Game Mr/Trashman/Trashman/Content/Map/Widget/Trash_Green.uasset" 48
"D:/IT/Year 4-1/Project1/Game Mr/Trashman/Trashman/Content/Map/File_Screen/Bin_total/Red_bin1.uasset" 49
"D:/IT/Year 4-1/Project1/Game Mr/Trashman/Trashman/Content/Map/File_Screen/Content_bin/image/04dangerous2.uasset" 50
"D:/IT/Year 4-1/Project1/Game Mr/Trashman/Trashman/Content/Map/File_Screen/Content_bin/Content04.uasset" 51
"D:/IT/Year 4-1/Project1/Game Mr/Trashman/Trashman/Content/Map/File_Screen/Content_bin/04_Content_Red.uasset" 52
"D:/IT/Year 4-1/Project1/Game Mr/Trashman/Trashman/Content/Map/Widget/Trash_Red.uasset" 53
"D:/IT/Year 4-1/Project1/Game Mr/Trashman/Trashman/Content/Map/File_Screen/Bin_total/yellow_bin1.uasset" 54
"D:/IT/Year 4-1/Project1/Game Mr/Trashman/Trashman/Content/Map/File_Screen/Bin_total/Yellow_bin.uasset" 55
"D:/IT/Year 4-1/Project1/Game Mr/Trashman/Trashman/Content/Map/File_Screen/Content_bin/image/01recycle2.uasset" 56
"D:/IT/Year 4-1/Project1/Game Mr/Trashman/Trashman/Content/Map/File_Screen/Content_bin/Content.uasset" 57
"D:/IT/Year 4-1/Project1/Game Mr/Trashman/Trashman/Content/Map/File_Screen/Content_bin/01_Content_Yellow.uasset" 58
"D:/IT/Year 4-1/Project1/Game Mr/Trashman/Trashman/Content/Map/Widget/Trash_Yellow.uasset" 59
"../../../Engine/Content/EditorBlueprintResources/ActorMacros.uasset" 60
"../../../Engine/Content/EditorLandscapeResources/DataLayer.uasset" 61
"../../../Engine/Content/EditorLandscapeResources/DefaultAlphaTexture.uasset" 62
"../../../Engine/Content/EditorLandscapeResources/LandscapeGizmoHeight_Mat.uasset" 63
"../../../Engine/Content/EditorLandscapeResources/LandscapeGizmo_Mat.uasset" 64
"../../../Engine/Content/EditorLandscapeResources/LandscapeGizmo_Mat_Copied.uasset" 65
"../../../Engine/Content/EditorLandscapeResources/SplineEditorMeshMat.uasset" 66
"../../../Engine/Content/EditorLandscapeResources/SplineEditorMesh.uasset" 67
"../../../Engine/Content/EditorMaterials/Cross.uasset" 68
"../../../Engine/Content/EditorMaterials/Cross_Mat.uasset" 69
"../../../Engine/Content/EngineMaterials/DefaultDiffuse.uasset" 70
"../../../Engine/Content/Functions/Engine_MaterialFunctions01/Texturing/TextureCropping.uasset" 71
"../../../Engine/Content/Functions/Engine_MaterialFunctions02/Utility/BreakOutFloat2Components.uasset" 72
"../../../Engine/Content/Functions/Engine_MaterialFunctions01/Texturing/ComputeMipLevel.uasset" 73
"../../../Engine/Content/Functions/Engine_MaterialFunctions02/ExampleContent/DebugNumberStrip.uasset" 74
"../../../Engine/Content/Functions/Engine_MaterialFunctions02/ExampleContent/Textures/DebugNumberPeriod.uasset" 75
"../../../Engine/Content/Functions/Engine_MaterialFunctions02/Utility/DebugScalarValues.uasset" 76
"../../../Engine/Content/Functions/Engine_MaterialFunctions02/Utility/DebugFloat2Values.uasset" 77
"../../../Engine/Content/Functions/Engine_MaterialFunctions02/ExampleContent/Textures/flipbook.uasset" 78
"../../../Engine/Content/Functions/Engine_MaterialFunctions02/Texturing/FlipBook.uasset" 79
"../../../Engine/Content/Functions/Engine_MaterialFunctions02/Utility/Sign.uasset" 80
"../../../Engine/Content/Functions/Engine_MaterialFunctions02/Utility/Round.uasset" 81
"../../../Engine/Content/EditorResources/T_EditorHelp.uasset" 82
"../../../Engine/Content/EditorMaterials/HelpActorMaterial.uasset" 83
"../../../Engine/Content/EditorMaterials/CompositeARGBLayer.uasset" 84
"../../../Engine/Content/EditorMaterials/TilingAALineIntegral.uasset" 85
"../../../Engine/Content/EditorMaterials/TilingAALineBoxFiltered.uasset" 86
"../../../Engine/Content/Functions/Engine_MaterialFunctions03/Procedurals/ComputeFilterWidth.uasset" 87
"../../../Engine/Content/EditorMaterials/TilingAADots.uasset" 88
"../../../Engine/Content/EngineMaterials/BlendFunc_DefBase.uasset" 89
"../../../Engine/Content/EngineMaterials/BlendFunc_DefBlend.uasset" 90
"../../../Engine/Content/Functions/Engine_MaterialFunctions03/Blends/Blend_Screen.uasset" 91
"../../../Engine/Content/EditorMaterials/TilingAAGrid.uasset" 92
"../../../Engine/Content/EditorMaterials/LevelGridMaterial.uasset" 93
"../../../Engine/Content/EditorMaterials/MakeCompositeARGBLayer.uasset" 94
"../../../Engine/Content/EditorResources/LevelGrid1DStripes.uasset" 95
"../../../Engine/Content/EditorMaterials/TextureGridCascaded1D.uasset" 96
"../../../Engine/Content/EditorMaterials/TextureGridCascaded2D.uasset" 97
"../../../Engine/Content/EditorMaterials/LevelGridMaterial2.uasset" 98
"../../../Engine/Content/EditorMaterials/MAT_Groups_Toggle.uasset" 99
"../../../Engine/Content/EditorMaterials/MAT_Groups_Visibility.uasset" 100
"../../../Engine/Content/EditorMaterials/AntialiasedGridFloor.uasset" 101
"../../../Engine/Content/EditorResources/TilePatine_D.uasset" 102
"../../../Engine/Content/EditorResources/TilePatine_N.uasset" 103
"../../../Engine/Content/EngineMaterials/Grid.uasset" 104
"../../../Engine/Content/EditorMaterials/PersonaFloorMat.uasset" 105
"../../../Engine/Content/EditorMaterials/PhAT_BoneSelectedMaterial.uasset" 106
"../../../Engine/Content/EditorMaterials/PhAT_ElemSelectedMaterial.uasset" 107
"../../../Engine/Content/EditorMaterials/PhAT_NoCollisionMaterial.uasset" 108
"../../../Engine/Content/EditorMaterials/PhAT_UnselectedMaterial.uasset" 109
"../../../Engine/Content/EditorMaterials/PreviewShadowIndicator.uasset" 110
"../../../Engine/Content/EditorMaterials/PreviewShadowIndicatorMaterial.uasset" 111
"../../../Engine/Content/EditorMaterials/TargetIcon.uasset" 112
"../../../Engine/Content/EditorMaterials/Tick.uasset" 113
"../../../Engine/Content/EditorMaterials/Tick_Mat.uasset" 114
"../../../Engine/Content/EditorMaterials/WidgetGridVertexColorMaterial.uasset" 115
"../../../Engine/Content/EditorMaterials/WidgetGridVertexColorMaterial_Ma.uasset" 116
"../../../Engine/Content/EditorMaterials/WidgetMaterial.uasset" 117
"../../../Engine/Content/EditorMaterials/WidgetMaterial_Current.uasset" 118
"../../../Engine/Content/EditorMaterials/WidgetMaterial_X.uasset" 119
"../../../Engine/Content/EditorMaterials/WidgetMaterial_Y.uasset" 120
"../../../Engine/Content/EditorMaterials/WidgetMaterial_Z.uasset" 121
"../../../Engine/Content/EditorMaterials/WidgetVertexColorMaterial.uasset" 122
"../../../Engine/Content/EditorMaterials/MatineeGroups/MAT_ColorTrack.uasset" 123
"../../../Engine/Content/EditorMaterials/MatineeGroups/MAT_Groups_Anim.uasset" 124
"../../../Engine/Content/EditorMaterials/MatineeGroups/MAT_Groups_AudioMaster.uasset" 125
"../../../Engine/Content/EditorMaterials/MatineeGroups/MAT_Groups_Director.uasset" 126
"../../../Engine/Content/EditorMaterials/MatineeGroups/MAT_Groups_Event.uasset" 127
"../../../Engine/Content/EditorMaterials/MatineeGroups/MAT_Groups_Fade.uasset" 128
"../../../Engine/Content/EditorMaterials/MatineeGroups/MAT_Groups_Float.uasset" 129
"../../../Engine/Content/EditorMaterials/MatineeGroups/MAT_Groups_Move.uasset" 130
"../../../Engine/Content/EditorMaterials/MatineeGroups/MAT_Groups_Slomo.uasset" 131
"../../../Engine/Content/EditorMaterials/MatineeGroups/MAT_Groups_Sound.uasset" 132
"../../../Engine/Content/EditorMaterials/MatineeGroups/MAT_Groups_Vector.uasset" 133
"../../../Engine/Content/EditorMaterials/ParticleSystems/PSysThumbnail_NoImage.uasset" 134
"../../../Engine/Content/EditorMaterials/ParticleSystems/PSysThumbnail_OOD.uasset" 135
"../../../Engine/Content/EditorMaterials/Thumbnails/FloorPlaneMaterial.uasset" 136
"../../../Engine/Content/EditorMeshes/EditorCube.uasset" 137
"../../../Engine/Content/EditorMeshes/EditorCylinder.uasset" 138
"../../../Engine/Content/EditorMeshes/EditorPlane.uasset" 139
"../../../Engine/Content/EditorMaterials/Thumbnails/SkySphereMaterial.uasset" 140
"../../../Engine/Content/EditorMeshes/EditorSkySphere.uasset" 141
"../../../Engine/Content/EditorMeshes/EditorSphere.uasset" 142
"../../../Engine/Content/EditorResources/MatineeCam_D.uasset" 143
"../../../Engine/Content/EditorMaterials/MatineeCam_mat.uasset" 144
"../../../Engine/Content/EditorMeshes/MatineeCam_SM.uasset" 145
"../../../Engine/Content/Functions/Engine_MaterialFunctions01/Shading/ConvertFromDiffSpec.uasset" 146
"../../../Engine/Content/EditorMaterials/GridMaterial.uasset" 147
"../../../Engine/Content/EditorMeshes/PhAT_FloorBox.uasset" 148
"../../../Engine/Content/EditorMeshes/PlanarReflectionPlane.uasset" 149
"../../../Engine/Content/EditorMaterials/Camera/CineMat.uasset" 150
"../../../Engine/Content/EditorMaterials/Camera/MI_CineMat_CameraBody.uasset" 151
"../../../Engine/Content/EngineDebugMaterials/M_SimpleOpaque.uasset" 152
"../../../Engine/Content/EditorMaterials/Camera/MI_CineMat_CamViewFinder.uasset" 153
"../../../Engine/Content/EditorMeshes/Camera/SM_CineCam.uasset" 154
"../../../Engine/Content/EditorMaterials/Camera/MI_CineMat_Rig.uasset" 155
"../../../Engine/Content/EditorMeshes/Camera/SM_CraneRig_Arm.uasset" 156
"../../../Engine/Content/EditorMeshes/Camera/SM_CraneRig_Base.uasset" 157
"../../../Engine/Content/EditorMeshes/Camera/SM_CraneRig_Body.uasset" 158
"../../../Engine/Content/EditorMeshes/Camera/SM_CraneRig_Mount.uasset" 159
"../../../Engine/Content/EditorMeshes/Camera/SM_RailRig_Mount.uasset" 160
"../../../Engine/Content/EditorMeshes/Camera/SM_RailRig_Track.uasset" 161
"../../../Engine/Content/EditorMeshes/ColorCalibrator/M_ChromeBall.uasset" 162
"../../../Engine/Content/EditorResources/Bad.uasset" 163
"../../../Engine/Content/EditorResources/BSPVertex.uasset" 164
"../../../Engine/Content/EditorResources/EmptyActor.uasset" 165
"../../../Engine/Content/EditorResources/MatInstActSprite.uasset" 166
"../../../Engine/Content/EditorResources/SceneManager.uasset" 167
"../../../Engine/Content/EditorResources/SmallFont.uasset" 168
"../../../Engine/Content/EditorResources/S_Actor.uasset" 169
"../../../Engine/Content/EditorResources/S_DecalActorIcon.uasset" 170
"../../../Engine/Content/EditorResources/S_Emitter.uasset" 171
"../../../Engine/Content/EditorResources/S_ExpoHeightFog.uasset" 172
"../../../Engine/Content/EditorResources/S_FTest.uasset" 173
"../../../Engine/Content/EditorResources/S_KBSJoint.uasset" 174
"../../../Engine/Content/EditorResources/S_KHinge.uasset" 175
"../../../Engine/Content/EditorResources/S_KPrismatic.uasset" 176
"../../../Engine/Content/EditorResources/S_LevelSequence.uasset" 177
"../../../Engine/Content/EditorResources/S_NavP.uasset" 178
"../../../Engine/Content/EditorResources/S_Note.uasset" 179
"../../../Engine/Content/EditorResources/S_Player.uasset" 180
"../../../Engine/Content/EditorResources/S_PortalActorIcon2.uasset" 181
"../../../Engine/Content/EditorResources/S_RadForce.uasset" 182
"../../../Engine/Content/EditorResources/S_ReflActorIcon.uasset" 183
"../../../Engine/Content/EditorResources/S_SkyAtmosphere.uasset" 184
"../../../Engine/Content/EditorResources/S_Solver.uasset" 185
"../../../Engine/Content/EditorResources/S_Terrain.uasset" 186
"../../../Engine/Content/EditorResources/S_TextRenderActorIcon.uasset" 187
"../../../Engine/Content/EditorResources/S_Thruster.uasset" 188
"../../../Engine/Content/EditorResources/S_Trigger.uasset" 189
"../../../Engine/Content/EditorResources/S_VectorFieldVol.uasset" 190
"../../../Engine/Content/EditorResources/S_WindDirectional.uasset" 191
"../../../Engine/Content/EditorResources/AI/S_NavLink.uasset" 192
"../../../Engine/Content/EditorResources/LightIcons/SkyLight.uasset" 193
"../../../Engine/Content/EditorResources/LightIcons/S_LightDirectional.uasset" 194
"../../../Engine/Content/EditorResources/LightIcons/S_LightDirectionalMove.uasset" 195
"../../../Engine/Content/EditorResources/LightIcons/S_LightError.uasset" 196
"../../../Engine/Content/EditorResources/LightIcons/S_LightPoint.uasset" 197
"../../../Engine/Content/EditorResources/LightIcons/S_LightPointMove.uasset" 198
"../../../Engine/Content/EditorResources/LightIcons/S_LightSpot.uasset" 199
"../../../Engine/Content/EditorResources/LightIcons/S_LightSpotMove.uasset" 200
"../../../Engine/Content/EditorResources/SequenceRecorder/Countdown.uasset" 201
"../../../Engine/Content/EditorResources/SequenceRecorder/RecordingIndicator.uasset" 202
"../../../Engine/Content/EditorResources/Spline/T_Loft_Spline.uasset" 203
"../../../Engine/Content/EditorSounds/Notifications/CompileFailed.uasset" 204
"../../../Engine/Content/EditorSounds/Notifications/CompileFailed_Cue.uasset" 205
"../../../Engine/Content/EditorSounds/Notifications/CompileSuccess.uasset" 206
"../../../Engine/Content/EditorSounds/Notifications/CompileStart_Cue.uasset" 207
"../../../Engine/Content/EditorSounds/Notifications/CompileSuccess_Cue.uasset" 208
"../../../Engine/Content/EngineDamageTypes/DmgTypeBP_Environmental.uasset" 209
"../../../Engine/Content/EngineDebugMaterials/HeatmapGradient.uasset" 210
"../../../Engine/Content/EngineDebugMaterials/BoneWeightMaterial.uasset" 211
"../../../Engine/Content/EngineDebugMaterials/ClothMaterial.uasset" 212
"../../../Engine/Content/EngineDebugMaterials/ClothMaterial_WF.uasset" 213
"../../../Engine/Content/EngineDebugMaterials/DebugEditorMaterial.uasset" 214
"../../../Engine/Content/EngineDebugMaterials/DebugMeshMaterial.uasset" 215
"../../../Engine/Content/EngineDebugMaterials/GeomMaterial.uasset" 216
"../../../Engine/Content/EngineDebugMaterials/LevelColorationLitMaterial.uasset" 217
"../../../Engine/Content/EngineDebugMaterials/LevelColorationUnlitMaterial.uasset" 218
"../../../Engine/Content/EngineMaterials/DefaultWhiteGrid.uasset" 219
"../../../Engine/Content/EngineDebugMaterials/MAT_LevelColorationLitLightmapUV.uasset" 220
"../../../Engine/Content/EngineDebugMaterials/M_SimpleTranslucent.uasset" 221
"../../../Engine/Content/Functions/Engine_MaterialFunctions02/Utility/CameraDirectionVector.uasset" 222
"../../../Engine/Content/EngineDebugMaterials/VolumeToRender.uasset" 223
"../../../Engine/Content/EngineDebugMaterials/M_VolumeRenderSphereTracePP.uasset" 224
"../../../Engine/Content/EngineDebugMaterials/ShadedLevelColorationLitMaterial.uasset" 225
"../../../Engine/Content/EngineDebugMaterials/ShadedLevelColorationUnlitMateri.uasset" 226
"../../../Engine/Content/EngineDebugMaterials/VertexColorMaterial.uasset" 227
"../../../Engine/Content/EngineDebugMaterials/VertexColorViewMode_AlphaAsColor.uasset" 228
"../../../Engine/Content/EngineDebugMaterials/VertexColorViewMode_BlueOnly.uasset" 229
"../../../Engine/Content/EngineDebugMaterials/VertexColorViewMode_ColorOnly.uasset" 230
"../../../Engine/Content/EngineDebugMaterials/VertexColorViewMode_GreenOnly.uasset" 231
"../../../Engine/Content/EngineDebugMaterials/VertexColorViewMode_RedOnly.uasset" 232
"../../../Engine/Content/EngineDebugMaterials/WireframeMaterial.uasset" 233
"../../../Engine/Content/EngineFonts/Faces/DroidSansFallback.uasset" 234
"../../../Engine/Content/EngineFonts/Faces/RobotoBold.uasset" 235
"../../../Engine/Content/EngineFonts/Faces/RobotoBoldItalic.uasset" 236
"../../../Engine/Content/EngineFonts/Faces/RobotoItalic.uasset" 237
"../../../Engine/Content/EngineFonts/Faces/RobotoLight.uasset" 238
"../../../Engine/Content/EngineFonts/Faces/RobotoRegular.uasset" 239
"../../../Engine/Content/EngineFonts/Roboto.uasset" 240
"../../../Engine/Content/EngineFonts/Faces/RobotoTiny.uasset" 241
"../../../Engine/Content/EngineFonts/RobotoTiny.uasset" 242
"../../../Engine/Content/EngineFonts/SmallFont.uasset" 243
"../../../Engine/Content/EngineFonts/TinyFont.uasset" 244
"../../../Engine/Content/EngineMaterials/BaseFlattenDiffuseMap.uasset" 245
"../../../Engine/Content/EngineMaterials/BaseFlattenEmissiveMap.uasset" 246
"../../../Engine/Content/EngineMaterials/BaseFlattenGrayscaleMap.uasset" 247
"../../../Engine/Content/EngineMaterials/BaseFlattenNormalMap.uasset" 248
"../../../Engine/Content/EngineMaterials/BaseFlattenMaterial.uasset" 249
"../../../Engine/Content/EngineResources/WhiteSquareTexture.uasset" 250
"../../../Engine/Content/EngineMaterials/BlinkingCaret.uasset" 251
"../../../Engine/Content/EngineMaterials/BlueNoise.uasset" 252
"../../../Engine/Content/EngineMaterials/DefaultBloomKernel.uasset" 253
"../../../Engine/Content/EngineMaterials/DefaultBokeh.uasset" 254
"../../../Engine/Content/EngineMaterials/DefaultDeferredDecalMaterial.uasset" 255
"../../../Engine/Content/EngineMaterials/DefaultLightFunctionMaterial.uasset" 256
"../../../Engine/Content/EngineMaterials/DefaultNormal.uasset" 257
"../../../Engine/Content/EngineMaterials/DefaultPostProcessMaterial.uasset" 258
"../../../Engine/Content/EngineFonts/RobotoDistanceField.uasset" 259
"../../../Engine/Content/EngineMaterials/DefaultTextMaterialOpaque.uasset" 260
"../../../Engine/Content/EngineMaterials/DefaultVirtualTextureMaterial.uasset" 261
"../../../Engine/Content/EngineMaterials/EditorBrushMaterial.uasset" 262
"../../../Engine/Content/EngineMaterials/DefaultWhiteGrid_Low.uasset" 263
"../../../Engine/Content/EngineMaterials/EmissiveMeshMaterial.uasset" 264
"../../../Engine/Content/EngineMaterials/GizmoMaterial.uasset" 265
"../../../Engine/Content/EngineMaterials/Good64x64TilingNoiseHighFreq.uasset" 266
"../../../Engine/Content/EngineMaterials/Grid_N.uasset" 267
"../../../Engine/Content/Functions/Engine_MaterialFunctions02/Utility/MakeFloat2.uasset" 268
"../../../Engine/Content/Functions/Engine_MaterialFunctions02/Utility/MakeFloat3.uasset" 269
"../../../Engine/Content/EngineMaterials/HairColorMap.uasset" 270
"../../../Engine/Content/EngineMaterials/HairDebugColor.uasset" 271
"../../../Engine/Content/EngineMaterials/HairDebugMaterial.uasset" 272
"../../../Engine/Content/EngineMaterials/HairDefaultMaterial.uasset" 273
"../../../Engine/Content/EngineMaterials/HighResolutionScreenshotMaskFunction.uasset" 274
"../../../Engine/Content/EngineMaterials/HighResScreenshot.uasset" 275
"../../../Engine/Content/EngineMaterials/HighResScreenshotCaptureRegion.uasset" 276
"../../../Engine/Content/EngineMaterials/HighResScreenshotMask.uasset" 277
"../../../Engine/Content/EngineMaterials/LandscapeHolePhysicalMaterial.uasset" 278
"../../../Engine/Content/EngineMaterials/InvalidLightmapSettings.uasset" 279
"../../../Engine/Content/EngineMaterials/M_InvalidLightmapSettings.uasset" 280
"../../../Engine/Content/EngineMaterials/PaperDiffuse.uasset" 281
"../../../Engine/Content/EngineMaterials/PaperNormal.uasset" 282
"../../../Engine/Content/Functions/Engine_MaterialFunctions02/WorldPositionOffset/CameraOffset.uasset" 283
"../../../Engine/Content/EngineMaterials/PhAT_JointLimitMaterial.uasset" 284
"../../../Engine/Content/EngineMaterials/PhysMat_Rubber.uasset" 285
"../../../Engine/Content/EngineMaterials/PreintegratedSkinBRDF.uasset" 286
"../../../Engine/Content/EngineMaterials/RemoveSurfaceMaterial.uasset" 287
"../../../Engine/Content/EngineMaterials/WeightMapPlaceholderTexture.uasset" 288
"../../../Engine/Content/Functions/Engine_MaterialFunctions01/ImageAdjustment/sRGBToLinear.uasset" 289
"../../../Engine/Content/Functions/Engine_MaterialFunctions02/Utility/BreakOutFloat3Components.uasset" 290
"../../../Engine/Content/EngineMaterials/Widget3DCameraPassThrough_Opaque_OneSided.uasset" 291
"../../../Engine/Content/EngineMaterials/Widget3DPassThrough.uasset" 292
"../../../Engine/Content/EngineMaterials/Widget3DPassThrough_Masked.uasset" 293
"../../../Engine/Content/EngineMaterials/Widget3DPassThrough_Opaque.uasset" 294
"../../../Engine/Content/EngineMaterials/Widget3DPassThrough_Masked_OneSided.uasset" 295
"../../../Engine/Content/EngineMaterials/Widget3DPassThrough_Opaque_OneSided.uasset" 296
"../../../Engine/Content/EngineMaterials/Widget3DPassThrough_Translucent.uasset" 297
"../../../Engine/Content/EngineMaterials/Widget3DPassThrough_Translucent_OneSided.uasset" 298
"../../../Engine/Content/EngineMeshes/Cylinder.uasset" 299
"../../../Engine/Content/EngineMeshes/Sphere.uasset" 300
"../../../Engine/Content/EngineResources/Black.uasset" 301
"../../../Engine/Content/EngineResources/DefaultTexture.uasset" 302
"../../../Engine/Content/EngineResources/DefaultTextureCube.uasset" 303
"../../../Engine/Content/EngineResources/DefaultVolumeTexture2D.uasset" 304
"../../../Engine/Content/EngineResources/DefaultVolumeTexture.uasset" 305
"../../../Engine/Content/EngineResources/GradientTexture0.uasset" 306
"../../../Engine/Content/EngineResources/StreamingPauseIcon.uasset" 307
"../../../Engine/Content/EngineResources/M_StreamingPause.uasset" 308
"../../../Engine/Content/EngineSounds/Master.uasset" 309
"../../../Engine/Content/Functions/Engine_MaterialFunctions01/Shading/PowerToRoughness.uasset" 310
"../../../Engine/Content/Maps/Templates/Thumbnails/Default.uasset" 311
"../../../Engine/Content/Maps/Templates/Thumbnails/TimeOfDay.uasset" 312
"../../../Engine/Content/Maps/Templates/Thumbnails/VR-Basic.uasset" 313
"../../../Engine/Content/MobileResources/T_MobileControls_texture.uasset" 314
"../../../Engine/Content/MobileResources/T_MobileMenu2.uasset" 315
"../../../Engine/Content/MobileResources/HUD/AnalogHat.uasset" 316
"../../../Engine/Content/MobileResources/HUD/VirtualJoystick_Background.uasset" 317
"../../../Engine/Content/MobileResources/HUD/VirtualJoystick_Thumb.uasset" 318
"../../../Engine/Content/MobileResources/HUD/DefaultVirtualJoysticks.uasset" 319
"../../../Engine/Content/MobileResources/HUD/LeftVirtualJoystickOnly.uasset" 320
"../../../Engine/Content/MobileResources/HUD/MobileHUDButton1_off.uasset" 321
"../../../Engine/Content/MobileResources/HUD/MobileHUDButton1_on.uasset" 322
"../../../Engine/Content/MobileResources/HUD/MobileHUDButton2_off.uasset" 323
"../../../Engine/Content/MobileResources/HUD/MobileHUDButton2_on.uasset" 324
"../../../Engine/Content/MobileResources/HUD/MobileHUDButton3.uasset" 325
"../../../Engine/Content/MobileResources/HUD/MobileHUDButtonFire.uasset" 326
"../../../Engine/Content/MobileResources/HUD/MobileHUDDirectionPad.uasset" 327
"../../../Engine/Content/MobileResources/HUD/MobileHUDDirectionPad2.uasset" 328
"../../../Engine/Content/MobileResources/HUD/MobileHUDDirectionPad3.uasset" 329
"../../../Engine/Content/MobileResources/HUD/MobileHUDDirectionStick.uasset" 330
"../../../Engine/Content/MobileResources/HUD/T_Castle_ThumbstickInner.uasset" 331
"../../../Engine/Content/MobileResources/HUD/T_Castle_ThumbstickOutter.uasset" 332
"../../../Engine/Content/Tutorial/ContentIntroCurve.uasset" 333
"../../../Engine/Content/Tutorial/Basics/LevelEditorAttract.uasset" 334
"../../../Engine/Content/Tutorial/Basics/TutorialAssets/icon_tab_Levels_40x.uasset" 335
"../../../Engine/Content/Tutorial/Basics/LevelEditorOverview.uasset" 336
"../../../Engine/Content/Tutorial/BlueprintTutorials/TutorialAssets/Blueprint_64x.uasset" 337
"../../../Engine/Content/Tutorial/BlueprintTutorials/BlueprintEditorTutorial.uasset" 338
"../../../Engine/Content/Tutorial/BlueprintTutorials/TutorialAssets/Tutorial_BP_MacroLib.uasset" 339
"../../../Engine/Content/VREditor/LaserPointer/VR_LaserPower_01.uasset" 340
"../../../Engine/Content/VREditor/TransformGizmo/TransformGizmoMaterial.uasset" 341
"../../../Engine/Content/VREditor/TransformGizmo/TranslucentTransformGizmoMaterial.uasset" 342
"../../../Engine/Content/VREditor/TransformGizmo/BoundingBoxCorner.uasset" 343
"../../../Engine/Content/VREditor/TransformGizmo/BoundingBoxEdge.uasset" 344
"../../../Engine/Content/VREditor/TransformGizmo/PlaneTranslationHandle.uasset" 345
"../../../Engine/Content/VREditor/TransformGizmo/Main.uasset" 346
"../../../Engine/Content/VREditor/TransformGizmo/Xray.uasset" 347
"../../../Engine/Content/VREditor/TransformGizmo/SM_Sequencer_Key.uasset" 348
"../../../Engine/Content/VREditor/TransformGizmo/SM_Sequencer_Node.uasset" 349
"../../../Engine/Content/Animation/DefaultAnimCurveCompressionSettings.uasset" 350
"../../../Engine/Content/ArtTools/RenderToTexture/Enums/RenderToTexture_Enum.uasset" 351
"../../../Engine/Content/ArtTools/RenderToTexture/Enums/RenderToTexture_Flipbook_Enum.uasset" 352
"../../../Engine/Content/ArtTools/RenderToTexture/Enums/RenderToTexture_Imposter_Enum.uasset" 353
"../../../Engine/Content/ArtTools/RenderToTexture/Enums/EIntTypes.uasset" 354
"../../../Engine/Content/ArtTools/RenderToTexture/Macros/RenderToTextureFunctionLibrary.uasset" 355
"../../../Engine/Content/ArtTools/RenderToTexture/Enums/EFloatTypes.uasset" 356
"../../../Engine/Content/ArtTools/RenderToTexture/Macros/RenderToTextureMacros.uasset" 357
"../../../Engine/Content/ArtTools/RenderToTexture/Meshes/S_1_Unit_Plane.uasset" 358
"../../../Engine/Content/BasicShapes/Cone.uasset" 359
"../../../Engine/Content/BasicShapes/Cylinder.uasset" 360
"../../../Engine/Content/BasicShapes/Plane.uasset" 361
"../../../Engine/Content/EngineMaterials/DefaultPhysicalMaterial.uasset" 362
"../../../Engine/Content/BufferVisualization/AmbientOcclusion.uasset" 363
"../../../Engine/Content/BufferVisualization/BaseColor.uasset" 364
"../../../Engine/Content/BufferVisualization/CustomDepth.uasset" 365
"../../../Engine/Content/Functions/Engine_MaterialFunctions02/Utility/VectorLength.uasset" 366
"../../../Engine/Content/BufferVisualization/CustomDepthWorldUnits.uasset" 367
"../../../Engine/Content/Functions/Engine_MaterialFunctions01/Texturing/ScaleUVsByCenter.uasset" 368
"../../../Engine/Content/Functions/Engine_MaterialFunctions02/ScreenResolution.uasset" 369
"../../../Engine/Content/Functions/Engine_MaterialFunctions02/Texturing/ScreenAlignedUVs.uasset" 370
"../../../Engine/Content/EngineMaterials/MiniFont.uasset" 371
"../../../Engine/Content/BufferVisualization/CustomStencil.uasset" 372
"../../../Engine/Content/BufferVisualization/FinalImage.uasset" 373
"../../../Engine/Content/BufferVisualization/LightingModel.uasset" 374
"../../../Engine/Content/BufferVisualization/MaterialAO.uasset" 375
"../../../Engine/Content/BufferVisualization/Metallic.uasset" 376
"../../../Engine/Content/BufferVisualization/Opacity.uasset" 377
"../../../Engine/Content/BufferVisualization/PostTonemapHDRColor.uasset" 378
"../../../Engine/Content/BufferVisualization/PreTonemapHDRColor.uasset" 379
"../../../Engine/Content/BufferVisualization/Roughness.uasset" 380
"../../../Engine/Content/BufferVisualization/SceneColor.uasset" 381
"../../../Engine/Content/BufferVisualization/SceneDepth.uasset" 382
"../../../Engine/Content/BufferVisualization/SceneDepthWorldUnits.uasset" 383
"../../../Engine/Content/BufferVisualization/SeparateTranslucencyA.uasset" 384
"../../../Engine/Content/BufferVisualization/SeparateTranslucencyRGB.uasset" 385
"../../../Engine/Content/BufferVisualization/Specular.uasset" 386
"../../../Engine/Content/BufferVisualization/SubsurfaceColor.uasset" 387
"../../../Engine/Content/BufferVisualization/Velocity.uasset" 388
"../../../Engine/Content/BufferVisualization/WorldNormal.uasset" 389
"../../Plugins/2D/Paper2D/Content/PlaceholderTextures/DummySpriteTexture.uasset" 390
"../../Plugins/2D/Paper2D/Content/DummySprite.uasset" 391
"../../Plugins/2D/Paper2D/Content/DefaultPaperTerrainMaterial.uasset" 392
"../../Plugins/2D/Paper2D/Content/DefaultSpriteMaterial.uasset" 393
"../../Plugins/2D/Paper2D/Content/MaskedUnlitSpriteMaterial.uasset" 394
"../../Plugins/2D/Paper2D/Content/OpaqueUnlitSpriteMaterial.uasset" 395
"../../Plugins/Enterprise/DatasmithContent/Content/Blueprints/FBXImporter/FBXImporterUtils.uasset" 396
"../../../Engine/Content/Functions/Engine_MaterialFunctions02/Utility/BreakOutFloat4Components.uasset" 397
"../../Plugins/Runtime/Oculus/OculusVR/Content/Materials/OculusMR_ChromaKey.uasset" 398
"../../Plugins/Runtime/Oculus/OculusVR/Content/Materials/OculusMR_ChromaKey_Lit.uasset" 399
"../../Plugins/Runtime/Oculus/OculusVR/Content/Materials/OculusMR_OpaqueColoredMaterial.uasset" 400
"../../Plugins/Runtime/Oculus/OculusVR/Content/Materials/OculusMR_WhiteMaterial.uasset" 401
"../../../Engine/Content/Maps/Entry_BuiltData.uasset" 402
"../../../Engine/Content/Maps/Entry.umap" 403
"D:/IT/Year 4-1/Project1/Game Mr/Trashman/Trashman/Content/Blueprint/control/Common/BP_Mesh.uasset" 404
"D:/IT/Year 4-1/Project1/Game Mr/Trashman/Trashman/Content/Map/File_Screen/Home/Maya/start/back_sign.uasset" 405
"D:/IT/Year 4-1/Project1/Game Mr/Trashman/Trashman/Content/Map/File_Screen/Home/Maya/start/sign.uasset" 406
"D:/IT/Year 4-1/Project1/Game Mr/Trashman/Trashman/Content/Map/File_Screen/Home/Maya/start/start.uasset" 407
"D:/IT/Year 4-1/Project1/Game Mr/Trashman/Trashman/Content/Map/File_Screen/Home/Maya/start/sign2.uasset" 408
"D:/IT/Year 4-1/Project1/Game Mr/Trashman/Trashman/Content/Map/File_Screen/Home/Maya/text/A.uasset" 409
"D:/IT/Year 4-1/Project1/Game Mr/Trashman/Trashman/Content/Map/File_Screen/Home/Maya/text/back_text.uasset" 410
"D:/IT/Year 4-1/Project1/Game Mr/Trashman/Trashman/Content/Map/File_Screen/Home/Maya/text/R.uasset" 411
"D:/IT/Year 4-1/Project1/Game Mr/Trashman/Trashman/Content/Map/File_Screen/Home/Maya/text/S.uasset" 412
"D:/IT/Year 4-1/Project1/Game Mr/Trashman/Trashman/Content/Map/File_Screen/Home/Maya/text/T.uasset" 413
"D:/IT/Year 4-1/Project1/Game Mr/Trashman/Trashman/Content/Map/File_Screen/Home/Maya/text/text3.uasset" 414
"D:/IT/Year 4-1/Project1/Game Mr/Trashman/Trashman/Content/Map/Widget/home.uasset" 415
"../../../Engine/Content/MapTemplates/Sky/DaylightAmbientCubemap.uasset" 416
"D:/IT/Year 4-1/Project1/Game Mr/Trashman/Trashman/Content/Model/home_screen/low-poly-winter-scene/textures/Palette.uasset" 417
"D:/IT/Year 4-1/Project1/Game Mr/Trashman/Trashman/Content/Model/home_screen/low-poly-winter-scene/source/Low_Poly_Winter_Scene/defaultMat.uasset" 418
"D:/IT/Year 4-1/Project1/Game Mr/Trashman/Trashman/Content/Model/home_screen/low-poly-winter-scene/source/Low_Poly_Winter_Scene/Low_Poly_Winter_Scene2.uasset" 419
"D:/IT/Year 4-1/Project1/Game Mr/Trashman/Trashman/Content/Map/Home.umap" 420
